<?xml version="1.0" encoding="UTF-8"?>
<testsuite xmlns:xsi="http://www.w3.org/2001/XMLSchema-instance" xsi:noNamespaceSchemaLocation="https://maven.apache.org/surefire/maven-surefire-plugin/xsd/surefire-test-report.xsd" name="resources.TwitResourceTest" time="0.003" tests="1" errors="0" skipped="0" failures="0">
  <properties>
    <property name="sun.desktop" value="windows"/>
    <property name="awt.toolkit" value="sun.awt.windows.WToolkit"/>
    <property name="java.specification.version" value="11"/>
    <property name="sun.cpu.isalist" value="amd64"/>
    <property name="sun.jnu.encoding" value="Cp1252"/>
    <property name="java.class.path" value="D:\Programming\Uni\Twetter\Backend\target\test-classes;D:\Programming\Uni\Twetter\Backend\target\classes;C:\Users\Bort\.m2\repository\org\jetbrains\kotlin\kotlin-stdlib\1.3.21\kotlin-stdlib-1.3.21.jar;C:\Users\Bort\.m2\repository\org\jetbrains\kotlin\kotlin-stdlib-common\1.3.21\kotlin-stdlib-common-1.3.21.jar;C:\Users\Bort\.m2\repository\org\jetbrains\annotations\13.0\annotations-13.0.jar;C:\Users\Bort\.m2\repository\javax\javaee-api\7.0\javaee-api-7.0.jar;C:\Users\Bort\.m2\repository\com\sun\mail\javax.mail\1.5.0\javax.mail-1.5.0.jar;C:\Users\Bort\.m2\repository\javax\activation\activation\1.1\activation-1.1.jar;C:\Users\Bort\.m2\repository\org\wildfly\wildfly-picketlink\16.0.0.Final\wildfly-picketlink-16.0.0.Final.jar;C:\Users\Bort\.m2\repository\org\wildfly\wildfly-security-api\16.0.0.Final\wildfly-security-api-16.0.0.Final.jar;C:\Users\Bort\.m2\repository\org\wildfly\wildfly-system-jmx\16.0.0.Final\wildfly-system-jmx-16.0.0.Final.jar;C:\Users\Bort\.m2\repository\org\jboss\narayana\rts\restat-util\5.9.3.Final\restat-util-5.9.3.Final.jar;C:\Users\Bort\.m2\repository\antlr\antlr\2.7.7\antlr-2.7.7.jar;C:\Users\Bort\.m2\repository\org\ow2\asm\asm\6.2.1\asm-6.2.1.jar;C:\Users\Bort\.m2\repository\org\ow2\asm\asm-util\6.2.1\asm-util-6.2.1.jar;C:\Users\Bort\.m2\repository\com\fasterxml\classmate\1.3.4\classmate-1.3.4.jar;C:\Users\Bort\.m2\repository\com\fasterxml\jackson\core\jackson-core\2.9.8\jackson-core-2.9.8.jar;C:\Users\Bort\.m2\repository\com\fasterxml\jackson\core\jackson-annotations\2.9.8\jackson-annotations-2.9.8.jar;C:\Users\Bort\.m2\repository\com\fasterxml\jackson\core\jackson-databind\2.9.8\jackson-databind-2.9.8.jar;C:\Users\Bort\.m2\repository\com\fasterxml\jackson\jaxrs\jackson-jaxrs-json-provider\2.9.8\jackson-jaxrs-json-provider-2.9.8.jar;C:\Users\Bort\.m2\repository\com\fasterxml\jackson\jaxrs\jackson-jaxrs-base\2.9.8\jackson-jaxrs-base-2.9.8.jar;C:\Users\Bort\.m2\repository\com\fasterxml\jackson\module\jackson-module-jaxb-annotations\2.9.8\jackson-module-jaxb-annotations-2.9.8.jar;C:\Users\Bort\.m2\repository\com\fasterxml\jackson\datatype\jackson-datatype-jsr310\2.9.8\jackson-datatype-jsr310-2.9.8.jar;C:\Users\Bort\.m2\repository\com\fasterxml\jackson\datatype\jackson-datatype-jdk8\2.9.8\jackson-datatype-jdk8-2.9.8.jar;C:\Users\Bort\.m2\repository\com\sun\xml\bind\external\relaxng-datatype\2.3.1\relaxng-datatype-2.3.1.jar;C:\Users\Bort\.m2\repository\com\github\fge\json-patch\1.3\json-patch-1.3.jar;C:\Users\Bort\.m2\repository\com\github\fge\jackson-coreutils\1.0\jackson-coreutils-1.0.jar;C:\Users\Bort\.m2\repository\com\github\spullara\mustache\java\compiler\0.9.4\compiler-0.9.4.jar;C:\Users\Bort\.m2\repository\com\github\ben-manes\caffeine\caffeine\2.6.2\caffeine-2.6.2.jar;C:\Users\Bort\.m2\repository\com\google\guava\guava\25.0-jre\guava-25.0-jre.jar;C:\Users\Bort\.m2\repository\com\h2database\h2\1.4.193\h2-1.4.193.jar;C:\Users\Bort\.m2\repository\com\microsoft\azure\azure-storage\6.1.0\azure-storage-6.1.0.jar;C:\Users\Bort\.m2\repository\com\squareup\okhttp3\okhttp\3.9.0\okhttp-3.9.0.jar;C:\Users\Bort\.m2\repository\com\squareup\okio\okio\1.13.0\okio-1.13.0.jar;C:\Users\Bort\.m2\repository\com\sun\faces\jsf-impl\2.3.9.SP01\jsf-impl-2.3.9.SP01.jar;C:\Users\Bort\.m2\repository\com\sun\istack\istack-commons-runtime\3.0.7\istack-commons-runtime-3.0.7.jar;C:\Users\Bort\.m2\repository\com\sun\istack\istack-commons-tools\3.0.7\istack-commons-tools-3.0.7.jar;C:\Users\Bort\.m2\repository\org\glassfish\jaxb\jaxb-runtime\2.3.1\jaxb-runtime-2.3.1.jar;C:\Users\Bort\.m2\repository\org\glassfish\jaxb\jaxb-xjc\2.3.1\jaxb-xjc-2.3.1.jar;C:\Users\Bort\.m2\repository\org\glassfish\jaxb\jaxb-jxc\2.3.1\jaxb-jxc-2.3.1.jar;C:\Users\Bort\.m2\repository\org\glassfish\jaxb\codemodel\2.3.1\codemodel-2.3.1.jar;C:\Users\Bort\.m2\repository\org\glassfish\soteria\javax.security.enterprise\1.0\javax.security.enterprise-1.0.jar;C:\Users\Bort\.m2\repository\org\wildfly\wildfly-http-client\wildfly-http-ejb-client\1.0.13.Final\wildfly-http-ejb-client-1.0.13.Final.jar;C:\Users\Bort\.m2\repository\org\wildfly\wildfly-http-client\wildfly-http-client-common\1.0.13.Final\wildfly-http-client-common-1.0.13.Final.jar;C:\Users\Bort\.m2\repository\org\wildfly\wildfly-http-client\wildfly-http-naming-client\1.0.13.Final\wildfly-http-naming-client-1.0.13.Final.jar;C:\Users\Bort\.m2\repository\org\wildfly\wildfly-http-client\wildfly-http-transaction-client\1.0.13.Final\wildfly-http-transaction-client-1.0.13.Final.jar;C:\Users\Bort\.m2\repository\com\sun\xml\fastinfoset\FastInfoset\1.2.13\FastInfoset-1.2.13.jar;C:\Users\Bort\.m2\repository\com\sun\xml\messaging\saaj\saaj-impl\1.3.16-jbossorg-1\saaj-impl-1.3.16-jbossorg-1.jar;C:\Users\Bort\.m2\repository\org\glassfish\jaxb\txw2\2.3.1\txw2-2.3.1.jar;C:\Users\Bort\.m2\repository\com\sun\xml\bind\external\rngom\2.3.1\rngom-2.3.1.jar;C:\Users\Bort\.m2\repository\org\glassfish\jaxb\xsom\2.3.1\xsom-2.3.1.jar;C:\Users\Bort\.m2\repository\commons-beanutils\commons-beanutils\1.9.3\commons-beanutils-1.9.3.jar;C:\Users\Bort\.m2\repository\commons-cli\commons-cli\1.3.1\commons-cli-1.3.1.jar;C:\Users\Bort\.m2\repository\commons-codec\commons-codec\1.10\commons-codec-1.10.jar;C:\Users\Bort\.m2\repository\commons-collections\commons-collections\3.2.2\commons-collections-3.2.2.jar;C:\Users\Bort\.m2\repository\commons-io\commons-io\2.5\commons-io-2.5.jar;C:\Users\Bort\.m2\repository\commons-lang\commons-lang\2.6\commons-lang-2.6.jar;C:\Users\Bort\.m2\repository\org\dom4j\dom4j\2.1.1\dom4j-2.1.1.jar;C:\Users\Bort\.m2\repository\gnu\getopt\java-getopt\1.0.13\java-getopt-1.0.13.jar;C:\Users\Bort\.m2\repository\org\jboss\openjdk-orb\openjdk-orb\8.1.2.Final\openjdk-orb-8.1.2.Final.jar;C:\Users\Bort\.m2\repository\javax\jws\jsr181-api\1.0-MR1\jsr181-api-1.0-MR1.jar;C:\Users\Bort\.m2\repository\jaxen\jaxen\1.1.6\jaxen-1.1.6.jar;C:\Users\Bort\.m2\repository\jboss\jaxbintros\jboss-jaxb-intros\1.0.2.GA\jboss-jaxb-intros-1.0.2.GA.jar;C:\Users\Bort\.m2\repository\joda-time\joda-time\2.9.7\joda-time-2.9.7.jar;C:\Users\Bort\.m2\repository\org\jsoup\jsoup\1.8.3\jsoup-1.8.3.jar;C:\Users\Bort\.m2\repository\net\jcip\jcip-annotations\1.0\jcip-annotations-1.0.jar;C:\Users\Bort\.m2\repository\org\apache\avro\avro\1.7.6\avro-1.7.6.jar;C:\Users\Bort\.m2\repository\org\apache\commons\commons-lang3\3.8\commons-lang3-3.8.jar;C:\Users\Bort\.m2\repository\org\jboss\ws\jbossws-api\1.1.2.Final\jbossws-api-1.1.2.Final.jar;C:\Users\Bort\.m2\repository\org\jboss\ws\jbossws-common\3.2.2.Final\jbossws-common-3.2.2.Final.jar;C:\Users\Bort\.m2\repository\org\jboss\ws\jbossws-common-tools\1.3.2.Final\jbossws-common-tools-1.3.2.Final.jar;C:\Users\Bort\.m2\repository\org\jboss\ws\jbossws-spi\3.2.3.Final\jbossws-spi-3.2.3.Final.jar;C:\Users\Bort\.m2\repository\org\jboss\ws\cxf\jbossws-cxf-client\5.2.4.Final\jbossws-cxf-client-5.2.4.Final.jar;C:\Users\Bort\.m2\repository\org\jboss\ws\cxf\jbossws-cxf-jaspi\5.2.4.Final\jbossws-cxf-jaspi-5.2.4.Final.jar;C:\Users\Bort\.m2\repository\org\jboss\ws\cxf\jbossws-cxf-factories\5.2.4.Final\jbossws-cxf-factories-5.2.4.Final.jar;C:\Users\Bort\.m2\repository\org\jboss\ws\cxf\jbossws-cxf-resources\5.2.4.Final\jbossws-cxf-resources-5.2.4.Final-wildfly1400.jar;C:\Users\Bort\.m2\repository\org\jboss\ws\cxf\jbossws-cxf-server\5.2.4.Final\jbossws-cxf-server-5.2.4.Final.jar;C:\Users\Bort\.m2\repository\org\jboss\ws\cxf\jbossws-cxf-transports-udp\5.2.4.Final\jbossws-cxf-transports-udp-5.2.4.Final.jar;C:\Users\Bort\.m2\repository\org\apache\cxf\cxf-rt-bindings-coloc\3.2.7\cxf-rt-bindings-coloc-3.2.7.jar;C:\Users\Bort\.m2\repository\org\apache\cxf\cxf-rt-bindings-soap\3.2.7\cxf-rt-bindings-soap-3.2.7.jar;C:\Users\Bort\.m2\repository\org\apache\cxf\cxf-rt-bindings-xml\3.2.7\cxf-rt-bindings-xml-3.2.7.jar;C:\Users\Bort\.m2\repository\org\apache\cxf\cxf-core\3.2.7\cxf-core-3.2.7.jar;C:\Users\Bort\.m2\repository\org\apache\cxf\cxf-rt-features-logging\3.2.7\cxf-rt-features-logging-3.2.7.jar;C:\Users\Bort\.m2\repository\org\apache\cxf\cxf-rt-databinding-aegis\3.2.7\cxf-rt-databinding-aegis-3.2.7.jar;C:\Users\Bort\.m2\repository\org\apache\cxf\cxf-rt-databinding-jaxb\3.2.7\cxf-rt-databinding-jaxb-3.2.7.jar;C:\Users\Bort\.m2\repository\org\apache\cxf\cxf-rt-features-clustering\3.2.7\cxf-rt-features-clustering-3.2.7.jar;C:\Users\Bort\.m2\repository\org\apache\cxf\cxf-rt-frontend-jaxws\3.2.7\cxf-rt-frontend-jaxws-3.2.7.jar;C:\Users\Bort\.m2\repository\org\apache\cxf\cxf-rt-frontend-simple\3.2.7\cxf-rt-frontend-simple-3.2.7.jar;C:\Users\Bort\.m2\repository\org\apache\cxf\cxf-rt-management\3.2.7\cxf-rt-management-3.2.7.jar;C:\Users\Bort\.m2\repository\org\apache\cxf\cxf-rt-security\3.2.7\cxf-rt-security-3.2.7.jar;C:\Users\Bort\.m2\repository\org\apache\cxf\cxf-rt-security-saml\3.2.7\cxf-rt-security-saml-3.2.7.jar;C:\Users\Bort\.m2\repository\org\apache\cxf\cxf-rt-transports-http\3.2.7\cxf-rt-transports-http-3.2.7.jar;C:\Users\Bort\.m2\repository\org\apache\cxf\cxf-rt-transports-http-hc\3.2.7\cxf-rt-transports-http-hc-3.2.7.jar;C:\Users\Bort\.m2\repository\org\slf4j\slf4j-api\1.7.25\slf4j-api-1.7.25.jar;C:\Users\Bort\.m2\repository\org\apache\cxf\cxf-rt-transports-local\3.2.7\cxf-rt-transports-local-3.2.7.jar;C:\Users\Bort\.m2\repository\org\apache\cxf\cxf-rt-transports-jms\3.2.7\cxf-rt-transports-jms-3.2.7.jar;C:\Users\Bort\.m2\repository\org\apache\cxf\cxf-rt-wsdl\3.2.7\cxf-rt-wsdl-3.2.7.jar;C:\Users\Bort\.m2\repository\org\apache\cxf\cxf-rt-ws-addr\3.2.7\cxf-rt-ws-addr-3.2.7.jar;C:\Users\Bort\.m2\repository\org\apache\cxf\cxf-rt-ws-mex\3.2.7\cxf-rt-ws-mex-3.2.7.jar;C:\Users\Bort\.m2\repository\org\apache\cxf\cxf-rt-ws-policy\3.2.7\cxf-rt-ws-policy-3.2.7.jar;C:\Users\Bort\.m2\repository\org\apache\cxf\cxf-rt-ws-rm\3.2.7\cxf-rt-ws-rm-3.2.7.jar;C:\Users\Bort\.m2\repository\org\apache\cxf\cxf-rt-ws-security\3.2.7\cxf-rt-ws-security-3.2.7.jar;C:\Users\Bort\.m2\repository\org\apache\cxf\cxf-tools-common\3.2.7\cxf-tools-common-3.2.7.jar;C:\Users\Bort\.m2\repository\org\apache\cxf\cxf-tools-java2ws\3.2.7\cxf-tools-java2ws-3.2.7.jar;C:\Users\Bort\.m2\repository\org\apache\cxf\cxf-tools-validator\3.2.7\cxf-tools-validator-3.2.7.jar;C:\Users\Bort\.m2\repository\org\apache\cxf\cxf-tools-wsdlto-core\3.2.7\cxf-tools-wsdlto-core-3.2.7.jar;C:\Users\Bort\.m2\repository\org\apache\cxf\cxf-tools-wsdlto-databinding-jaxb\3.2.7\cxf-tools-wsdlto-databinding-jaxb-3.2.7.jar;C:\Users\Bort\.m2\repository\org\apache\cxf\cxf-tools-wsdlto-frontend-jaxws\3.2.7\cxf-tools-wsdlto-frontend-jaxws-3.2.7.jar;C:\Users\Bort\.m2\repository\org\apache\cxf\services\sts\cxf-services-sts-core\3.2.7\cxf-services-sts-core-3.2.7.jar;C:\Users\Bort\.m2\repository\org\apache\cxf\services\ws-discovery\cxf-services-ws-discovery-api\3.2.7\cxf-services-ws-discovery-api-3.2.7.jar;C:\Users\Bort\.m2\repository\org\apache\cxf\xjc-utils\cxf-xjc-runtime\3.2.3\cxf-xjc-runtime-3.2.3.jar;C:\Users\Bort\.m2\repository\org\apache\cxf\xjcplugins\cxf-xjc-boolean\3.2.3\cxf-xjc-boolean-3.2.3.jar;C:\Users\Bort\.m2\repository\org\apache\cxf\xjcplugins\cxf-xjc-bug986\3.2.3\cxf-xjc-bug986-3.2.3.jar;C:\Users\Bort\.m2\repository\org\apache\cxf\xjcplugins\cxf-xjc-dv\3.2.3\cxf-xjc-dv-3.2.3.jar;C:\Users\Bort\.m2\repository\org\apache\cxf\xjcplugins\cxf-xjc-ts\3.2.3\cxf-xjc-ts-3.2.3.jar;C:\Users\Bort\.m2\repository\org\wildfly\wildfly-rts\16.0.0.Final\wildfly-rts-16.0.0.Final.jar;C:\Users\Bort\.m2\repository\org\jboss\narayana\rts\restat-api\5.9.3.Final\restat-api-5.9.3.Final.jar;C:\Users\Bort\.m2\repository\org\jboss\narayana\rts\restat-integration\5.9.3.Final\restat-integration-5.9.3.Final.jar;C:\Users\Bort\.m2\repository\org\jboss\narayana\rts\restat-bridge\5.9.3.Final\restat-bridge-5.9.3.Final.jar;C:\Users\Bort\.m2\repository\org\jboss\narayana\compensations\compensations\5.9.3.Final\compensations-5.9.3.Final.jar;C:\Users\Bort\.m2\repository\org\jboss\narayana\txframework\txframework\5.9.3.Final\txframework-5.9.3.Final.jar;C:\Users\Bort\.m2\repository\org\jboss\jboss-ejb-client\4.0.14.Final\jboss-ejb-client-4.0.14.Final.jar;C:\Users\Bort\.m2\repository\org\jboss\ejb3\jboss-ejb3-ext-api\2.3.0.Final\jboss-ejb3-ext-api-2.3.0.Final.jar;C:\Users\Bort\.m2\repository\org\wildfly\wildfly-jpa\16.0.0.Final\wildfly-jpa-16.0.0.Final.jar;C:\Users\Bort\.m2\repository\org\wildfly\jipijapa-hibernate5-3\16.0.0.Final\jipijapa-hibernate5-3-16.0.0.Final.jar;C:\Users\Bort\.m2\repository\org\wildfly\jipijapa-hibernate5\16.0.0.Final\jipijapa-hibernate5-16.0.0.Final.jar;C:\Users\Bort\.m2\repository\org\wildfly\jipijapa-hibernate5-legacy\16.0.0.Final\jipijapa-hibernate5-legacy-16.0.0.Final.jar;C:\Users\Bort\.m2\repository\org\wildfly\jipijapa-hibernate5-3-legacy\16.0.0.Final\jipijapa-hibernate5-3-legacy-16.0.0.Final.jar;C:\Users\Bort\.m2\repository\org\wildfly\jipijapa-hibernate4-3\16.0.0.Final\jipijapa-hibernate4-3-16.0.0.Final.jar;C:\Users\Bort\.m2\repository\org\wildfly\jipijapa-hibernate4-1\16.0.0.Final\jipijapa-hibernate4-1-16.0.0.Final.jar;C:\Users\Bort\.m2\repository\org\wildfly\jipijapa-eclipselink\16.0.0.Final\jipijapa-eclipselink-16.0.0.Final.jar;C:\Users\Bort\.m2\repository\org\wildfly\jipijapa-openjpa\16.0.0.Final\jipijapa-openjpa-16.0.0.Final.jar;C:\Users\Bort\.m2\repository\org\wildfly\jipijapa-spi\16.0.0.Final\jipijapa-spi-16.0.0.Final.jar;C:\Users\Bort\.m2\repository\org\jboss\jboss-transaction-spi\7.6.0.Final\jboss-transaction-spi-7.6.0.Final.jar;C:\Users\Bort\.m2\repository\org\jboss\genericjms\generic-jms-ra-jar\2.0.1.Final\generic-jms-ra-jar-2.0.1.Final.jar;C:\Users\Bort\.m2\repository\org\jboss\ironjacamar\ironjacamar-core-api\1.4.12.Final\ironjacamar-core-api-1.4.12.Final.jar;C:\Users\Bort\.m2\repository\org\jboss\ironjacamar\ironjacamar-core-impl\1.4.12.Final\ironjacamar-core-impl-1.4.12.Final.jar;C:\Users\Bort\.m2\repository\org\jboss\ironjacamar\ironjacamar-common-api\1.4.12.Final\ironjacamar-common-api-1.4.12.Final.jar;C:\Users\Bort\.m2\repository\org\jboss\ironjacamar\ironjacamar-common-spi\1.4.12.Final\ironjacamar-common-spi-1.4.12.Final.jar;C:\Users\Bort\.m2\repository\org\jboss\ironjacamar\ironjacamar-common-impl\1.4.12.Final\ironjacamar-common-impl-1.4.12.Final.jar;C:\Users\Bort\.m2\repository\org\jboss\ironjacamar\ironjacamar-deployers-common\1.4.12.Final\ironjacamar-deployers-common-1.4.12.Final.jar;C:\Users\Bort\.m2\repository\org\jboss\ironjacamar\ironjacamar-jdbc\1.4.12.Final\ironjacamar-jdbc-1.4.12.Final.jar;C:\Users\Bort\.m2\repository\org\jboss\ironjacamar\ironjacamar-validator\1.4.12.Final\ironjacamar-validator-1.4.12.Final.jar;C:\Users\Bort\.m2\repository\org\jboss\narayana\jts\narayana-jts-idlj\5.9.3.Final\narayana-jts-idlj-5.9.3.Final.jar;C:\Users\Bort\.m2\repository\org\jboss\narayana\jts\narayana-jts-integration\5.9.3.Final\narayana-jts-integration-5.9.3.Final.jar;C:\Users\Bort\.m2\repository\org\jboss\narayana\jbosstxbridge\5.9.3.Final\jbosstxbridge-5.9.3.Final.jar;C:\Users\Bort\.m2\repository\org\jboss\narayana\xts\jbossxts\5.9.3.Final\jbossxts-5.9.3.Final.jar;C:\Users\Bort\.m2\repository\org\jboss\narayana\xts\jbossxts\5.9.3.Final\jbossxts-5.9.3.Final-api.jar;C:\Users\Bort\.m2\repository\org\jboss\metadata\jboss-metadata-appclient\13.0.0.Final\jboss-metadata-appclient-13.0.0.Final.jar;C:\Users\Bort\.m2\repository\org\jboss\metadata\jboss-metadata-ejb\13.0.0.Final\jboss-metadata-ejb-13.0.0.Final.jar;C:\Users\Bort\.m2\repository\org\jboss\mod_cluster\mod_cluster-container-spi\1.4.0.Final\mod_cluster-container-spi-1.4.0.Final.jar;C:\Users\Bort\.m2\repository\org\jboss\mod_cluster\mod_cluster-core\1.4.0.Final\mod_cluster-core-1.4.0.Final.jar;C:\Users\Bort\.m2\repository\org\jboss\mod_cluster\mod_cluster-load-spi\1.4.0.Final\mod_cluster-load-spi-1.4.0.Final.jar;C:\Users\Bort\.m2\repository\org\jboss\xnio\netty\netty-xnio-transport\0.1.6.Final\netty-xnio-transport-0.1.6.Final.jar;C:\Users\Bort\.m2\repository\io\agroal\agroal-api\1.3\agroal-api-1.3.jar;C:\Users\Bort\.m2\repository\io\agroal\agroal-narayana\1.3\agroal-narayana-1.3.jar;C:\Users\Bort\.m2\repository\io\agroal\agroal-pool\1.3\agroal-pool-1.3.jar;C:\Users\Bort\.m2\repository\io\netty\netty-all\4.1.29.Final\netty-all-4.1.29.Final.jar;C:\Users\Bort\.m2\repository\io\reactivex\rxjava2\rxjava\2.2.2\rxjava-2.2.2.jar;C:\Users\Bort\.m2\repository\io\undertow\js\undertow-js\1.0.2.Final\undertow-js-1.0.2.Final.jar;C:\Users\Bort\.m2\repository\org\jboss\spec\javax\ws\rs\jboss-jaxrs-api_2.1_spec\1.0.2.Final\jboss-jaxrs-api_2.1_spec-1.0.2.Final.jar;C:\Users\Bort\.m2\repository\org\jboss\resteasy\jose-jwt\3.6.3.Final\jose-jwt-3.6.3.Final.jar;C:\Users\Bort\.m2\repository\org\jboss\resteasy\resteasy-client\3.6.3.Final\resteasy-client-3.6.3.Final.jar;C:\Users\Bort\.m2\repository\org\jboss\resteasy\resteasy-client-microprofile\3.6.3.Final\resteasy-client-microprofile-3.6.3.Final.jar;C:\Users\Bort\.m2\repository\org\jboss\resteasy\resteasy-jaxrs\3.6.3.Final\resteasy-jaxrs-3.6.3.Final.jar;C:\Users\Bort\.m2\repository\org\jboss\resteasy\resteasy-spring\3.6.3.Final\resteasy-spring-3.6.3.Final.jar;C:\Users\Bort\.m2\repository\org\jboss\resteasy\resteasy-atom-provider\3.6.3.Final\resteasy-atom-provider-3.6.3.Final.jar;C:\Users\Bort\.m2\repository\org\jboss\resteasy\resteasy-cdi\3.6.3.Final\resteasy-cdi-3.6.3.Final.jar;C:\Users\Bort\.m2\repository\org\jboss\resteasy\resteasy-crypto\3.6.3.Final\resteasy-crypto-3.6.3.Final.jar;C:\Users\Bort\.m2\repository\org\jboss\resteasy\resteasy-jackson-provider\3.6.3.Final\resteasy-jackson-provider-3.6.3.Final.jar;C:\Users\Bort\.m2\repository\org\jboss\resteasy\resteasy-jackson2-provider\3.6.3.Final\resteasy-jackson2-provider-3.6.3.Final.jar;C:\Users\Bort\.m2\repository\org\jboss\resteasy\resteasy-json-binding-provider\3.6.3.Final\resteasy-json-binding-provider-3.6.3.Final.jar;C:\Users\Bort\.m2\repository\org\jboss\resteasy\resteasy-json-p-provider\3.6.3.Final\resteasy-json-p-provider-3.6.3.Final.jar;C:\Users\Bort\.m2\repository\org\jboss\resteasy\resteasy-jaxb-provider\3.6.3.Final\resteasy-jaxb-provider-3.6.3.Final.jar;C:\Users\Bort\.m2\repository\org\jboss\logging\jboss-logging\3.3.2.Final\jboss-logging-3.3.2.Final.jar;C:\Users\Bort\.m2\repository\org\jboss\resteasy\resteasy-jettison-provider\3.6.3.Final\resteasy-jettison-provider-3.6.3.Final.jar;C:\Users\Bort\.m2\repository\org\jboss\resteasy\resteasy-jsapi\3.6.3.Final\resteasy-jsapi-3.6.3.Final.jar;C:\Users\Bort\.m2\repository\org\jboss\resteasy\resteasy-multipart-provider\3.6.3.Final\resteasy-multipart-provider-3.6.3.Final.jar;C:\Users\Bort\.m2\repository\org\jboss\resteasy\resteasy-rxjava2\3.6.3.Final\resteasy-rxjava2-3.6.3.Final.jar;C:\Users\Bort\.m2\repository\org\jboss\resteasy\resteasy-validator-provider-11\3.6.3.Final\resteasy-validator-provider-11-3.6.3.Final.jar;C:\Users\Bort\.m2\repository\org\jboss\resteasy\resteasy-yaml-provider\3.6.3.Final\resteasy-yaml-provider-3.6.3.Final.jar;C:\Users\Bort\.m2\repository\org\jboss\seam\integration\jboss-seam-int-jbossas\7.0.0.GA\jboss-seam-int-jbossas-7.0.0.GA.jar;C:\Users\Bort\.m2\repository\org\jboss\security\jbossxacml\2.0.8.Final\jbossxacml-2.0.8.Final.jar;C:\Users\Bort\.m2\repository\org\jboss\spec\javax\batch\jboss-batch-api_1.0_spec\1.0.1.Final\jboss-batch-api_1.0_spec-1.0.1.Final.jar;C:\Users\Bort\.m2\repository\org\jboss\spec\javax\ejb\jboss-ejb-api_3.2_spec\1.0.1.Final\jboss-ejb-api_3.2_spec-1.0.1.Final.jar;C:\Users\Bort\.m2\repository\org\jboss\spec\javax\faces\jboss-jsf-api_2.3_spec\2.3.9.SP01\jboss-jsf-api_2.3_spec-2.3.9.SP01.jar;C:\Users\Bort\.m2\repository\org\jboss\spec\javax\jms\jboss-jms-api_2.0_spec\1.0.2.Final\jboss-jms-api_2.0_spec-1.0.2.Final.jar;C:\Users\Bort\.m2\repository\org\jboss\spec\javax\management\j2ee\jboss-j2eemgmt-api_1.1_spec\1.0.2.Final\jboss-j2eemgmt-api_1.1_spec-1.0.2.Final.jar;C:\Users\Bort\.m2\repository\org\jboss\spec\javax\resource\jboss-connector-api_1.7_spec\1.0.1.Final\jboss-connector-api_1.7_spec-1.0.1.Final.jar;C:\Users\Bort\.m2\repository\org\jboss\spec\javax\rmi\jboss-rmi-api_1.0_spec\1.0.6.Final\jboss-rmi-api_1.0_spec-1.0.6.Final.jar;C:\Users\Bort\.m2\repository\org\jboss\spec\javax\transaction\jboss-transaction-api_1.2_spec\1.1.1.Final\jboss-transaction-api_1.2_spec-1.1.1.Final.jar;C:\Users\Bort\.m2\repository\org\jboss\spec\javax\xml\bind\jboss-jaxb-api_2.3_spec\1.0.1.Final\jboss-jaxb-api_2.3_spec-1.0.1.Final.jar;C:\Users\Bort\.m2\repository\org\jboss\spec\javax\xml\rpc\jboss-jaxrpc-api_1.1_spec\1.0.2.Final\jboss-jaxrpc-api_1.1_spec-1.0.2.Final.jar;C:\Users\Bort\.m2\repository\org\jboss\spec\javax\xml\soap\jboss-saaj-api_1.3_spec\1.0.6.Final\jboss-saaj-api_1.3_spec-1.0.6.Final.jar;C:\Users\Bort\.m2\repository\org\jboss\spec\javax\xml\ws\jboss-jaxws-api_2.3_spec\1.0.0.Final\jboss-jaxws-api_2.3_spec-1.0.0.Final.jar;C:\Users\Bort\.m2\repository\org\jboss\weld\weld-api\3.1.Final\weld-api-3.1.Final.jar;C:\Users\Bort\.m2\repository\org\jboss\weld\weld-core-impl\3.1.0.Final\weld-core-impl-3.1.0.Final.jar;C:\Users\Bort\.m2\repository\org\jboss\weld\module\weld-ejb\3.1.0.Final\weld-ejb-3.1.0.Final.jar;C:\Users\Bort\.m2\repository\org\jboss\weld\module\weld-jsf\3.1.0.Final\weld-jsf-3.1.0.Final.jar;C:\Users\Bort\.m2\repository\org\jboss\weld\module\weld-jta\3.1.0.Final\weld-jta-3.1.0.Final.jar;C:\Users\Bort\.m2\repository\org\jboss\weld\module\weld-web\3.1.0.Final\weld-web-3.1.0.Final.jar;C:\Users\Bort\.m2\repository\org\jboss\weld\probe\weld-probe-core\3.1.0.Final\weld-probe-core-3.1.0.Final.jar;C:\Users\Bort\.m2\repository\org\jboss\weld\weld-spi\3.1.Final\weld-spi-3.1.Final.jar;C:\Users\Bort\.m2\repository\org\eclipse\microprofile\rest\client\microprofile-rest-client-api\1.0.1\microprofile-rest-client-api-1.0.1.jar;C:\Users\Bort\.m2\repository\org\jdom\jdom\1.1.3\jdom-1.1.3.jar;C:\Users\Bort\.m2\repository\org\jgroups\jgroups\4.0.18.Final\jgroups-4.0.18.Final.jar;C:\Users\Bort\.m2\repository\org\jgroups\azure\jgroups-azure\1.2.0.Final\jgroups-azure-1.2.0.Final.jar;C:\Users\Bort\.m2\repository\org\jgroups\kubernetes\jgroups-kubernetes\1.0.6.Final\jgroups-kubernetes-1.0.6.Final.jar;C:\Users\Bort\.m2\repository\org\picketlink\picketlink-api\2.5.5.SP12\picketlink-api-2.5.5.SP12.jar;C:\Users\Bort\.m2\repository\org\picketlink\picketlink-impl\2.5.5.SP12\picketlink-impl-2.5.5.SP12.jar;C:\Users\Bort\.m2\repository\org\picketlink\picketlink-federation\2.5.5.SP12\picketlink-federation-2.5.5.SP12.jar;C:\Users\Bort\.m2\repository\org\picketlink\picketlink-common\2.5.5.SP12\picketlink-common-2.5.5.SP12.jar;C:\Users\Bort\.m2\repository\org\picketlink\picketlink-config\2.5.5.SP12\picketlink-config-2.5.5.SP12.jar;C:\Users\Bort\.m2\repository\org\picketlink\picketlink-idm-api\2.5.5.SP12\picketlink-idm-api-2.5.5.SP12.jar;C:\Users\Bort\.m2\repository\org\picketlink\picketlink-idm-impl\2.5.5.SP12\picketlink-idm-impl-2.5.5.SP12.jar;C:\Users\Bort\.m2\repository\org\yaml\snakeyaml\1.18\snakeyaml-1.18.jar;C:\Users\Bort\.m2\repository\wsdl4j\wsdl4j\1.6.3\wsdl4j-1.6.3.jar;C:\Users\Bort\.m2\repository\com\io7m\xom\xom\1.2.10\xom-1.2.10.jar;C:\Users\Bort\.m2\repository\org\cryptacular\cryptacular\1.2.0\cryptacular-1.2.0.jar;C:\Users\Bort\.m2\repository\org\opensaml\opensaml-core\3.3.0\opensaml-core-3.3.0.jar;C:\Users\Bort\.m2\repository\org\opensaml\opensaml-profile-api\3.3.0\opensaml-profile-api-3.3.0.jar;C:\Users\Bort\.m2\repository\org\opensaml\opensaml-saml-api\3.3.0\opensaml-saml-api-3.3.0.jar;C:\Users\Bort\.m2\repository\org\opensaml\opensaml-saml-impl\3.3.0\opensaml-saml-impl-3.3.0.jar;C:\Users\Bort\.m2\repository\org\opensaml\opensaml-security-api\3.3.0\opensaml-security-api-3.3.0.jar;C:\Users\Bort\.m2\repository\org\opensaml\opensaml-security-impl\3.3.0\opensaml-security-impl-3.3.0.jar;C:\Users\Bort\.m2\repository\org\opensaml\opensaml-soap-api\3.3.0\opensaml-soap-api-3.3.0.jar;C:\Users\Bort\.m2\repository\org\opensaml\opensaml-xacml-api\3.3.0\opensaml-xacml-api-3.3.0.jar;C:\Users\Bort\.m2\repository\org\opensaml\opensaml-xacml-impl\3.3.0\opensaml-xacml-impl-3.3.0.jar;C:\Users\Bort\.m2\repository\org\opensaml\opensaml-xacml-saml-api\3.3.0\opensaml-xacml-saml-api-3.3.0.jar;C:\Users\Bort\.m2\repository\org\opensaml\opensaml-xacml-saml-impl\3.3.0\opensaml-xacml-saml-impl-3.3.0.jar;C:\Users\Bort\.m2\repository\org\opensaml\opensaml-xmlsec-api\3.3.0\opensaml-xmlsec-api-3.3.0.jar;C:\Users\Bort\.m2\repository\org\opensaml\opensaml-xmlsec-impl\3.3.0\opensaml-xmlsec-impl-3.3.0.jar;C:\Users\Bort\.m2\repository\net\shibboleth\utilities\java-support\7.1.1\java-support-7.1.1.jar;C:\Users\Bort\.m2\repository\org\jboss\activemq\artemis\integration\artemis-wildfly-integration\1.0.2\artemis-wildfly-integration-1.0.2.jar;C:\Users\Bort\.m2\repository\org\apache\activemq\artemis-amqp-protocol\2.6.3.jbossorg-00014\artemis-amqp-protocol-2.6.3.jbossorg-00014.jar;C:\Users\Bort\.m2\repository\org\apache\activemq\artemis-cli\2.6.3.jbossorg-00014\artemis-cli-2.6.3.jbossorg-00014.jar;C:\Users\Bort\.m2\repository\org\apache\activemq\artemis-commons\2.6.3.jbossorg-00014\artemis-commons-2.6.3.jbossorg-00014.jar;C:\Users\Bort\.m2\repository\org\apache\activemq\artemis-core-client\2.6.3.jbossorg-00014\artemis-core-client-2.6.3.jbossorg-00014.jar;C:\Users\Bort\.m2\repository\org\apache\activemq\artemis-dto\2.6.3.jbossorg-00014\artemis-dto-2.6.3.jbossorg-00014.jar;C:\Users\Bort\.m2\repository\org\apache\activemq\artemis-hornetq-protocol\2.6.3.jbossorg-00014\artemis-hornetq-protocol-2.6.3.jbossorg-00014.jar;C:\Users\Bort\.m2\repository\org\apache\activemq\artemis-hqclient-protocol\2.6.3.jbossorg-00014\artemis-hqclient-protocol-2.6.3.jbossorg-00014.jar;C:\Users\Bort\.m2\repository\org\apache\activemq\artemis-jdbc-store\2.6.3.jbossorg-00014\artemis-jdbc-store-2.6.3.jbossorg-00014.jar;C:\Users\Bort\.m2\repository\org\apache\activemq\artemis-jms-client\2.6.3.jbossorg-00014\artemis-jms-client-2.6.3.jbossorg-00014.jar;C:\Users\Bort\.m2\repository\org\apache\activemq\artemis-jms-server\2.6.3.jbossorg-00014\artemis-jms-server-2.6.3.jbossorg-00014.jar;C:\Users\Bort\.m2\repository\org\apache\activemq\artemis-journal\2.6.3.jbossorg-00014\artemis-journal-2.6.3.jbossorg-00014.jar;C:\Users\Bort\.m2\repository\org\apache\activemq\artemis-native\2.6.3.jbossorg-00014\artemis-native-2.6.3.jbossorg-00014.jar;C:\Users\Bort\.m2\repository\org\apache\activemq\artemis-ra\2.6.3.jbossorg-00014\artemis-ra-2.6.3.jbossorg-00014.jar;C:\Users\Bort\.m2\repository\org\apache\activemq\artemis-selector\2.6.3.jbossorg-00014\artemis-selector-2.6.3.jbossorg-00014.jar;C:\Users\Bort\.m2\repository\org\apache\activemq\artemis-server\2.6.3.jbossorg-00014\artemis-server-2.6.3.jbossorg-00014.jar;C:\Users\Bort\.m2\repository\org\apache\activemq\artemis-service-extensions\2.6.3.jbossorg-00014\artemis-service-extensions-2.6.3.jbossorg-00014.jar;C:\Users\Bort\.m2\repository\org\apache\activemq\artemis-stomp-protocol\2.6.3.jbossorg-00014\artemis-stomp-protocol-2.6.3.jbossorg-00014.jar;C:\Users\Bort\.m2\repository\org\apache\activemq\artemis-tools\2.6.3.jbossorg-00014\artemis-tools-2.6.3.jbossorg-00014.jar;C:\Users\Bort\.m2\repository\org\apache\httpcomponents\httpclient\4.5.4\httpclient-4.5.4.jar;C:\Users\Bort\.m2\repository\org\apache\httpcomponents\httpcore\4.4.5\httpcore-4.4.5.jar;C:\Users\Bort\.m2\repository\org\apache\httpcomponents\httpcore-nio\4.4.5\httpcore-nio-4.4.5.jar;C:\Users\Bort\.m2\repository\org\apache\httpcomponents\httpasyncclient\4.1.4\httpasyncclient-4.1.4.jar;C:\Users\Bort\.m2\repository\org\apache\httpcomponents\httpmime\4.5.4\httpmime-4.5.4.jar;C:\Users\Bort\.m2\repository\org\apache\james\apache-mime4j\0.6\apache-mime4j-0.6.jar;C:\Users\Bort\.m2\repository\org\apache\lucene\lucene-analyzers-common\5.5.5\lucene-analyzers-common-5.5.5.jar;C:\Users\Bort\.m2\repository\org\apache\lucene\lucene-core\5.5.5\lucene-core-5.5.5.jar;C:\Users\Bort\.m2\repository\org\apache\lucene\lucene-facet\5.5.5\lucene-facet-5.5.5.jar;C:\Users\Bort\.m2\repository\org\apache\lucene\lucene-queryparser\5.5.5\lucene-queryparser-5.5.5.jar;C:\Users\Bort\.m2\repository\org\apache\lucene\lucene-queries\5.5.5\lucene-queries-5.5.5.jar;C:\Users\Bort\.m2\repository\org\apache\lucene\lucene-misc\5.5.5\lucene-misc-5.5.5.jar;C:\Users\Bort\.m2\repository\org\apache\lucene\lucene-backward-codecs\5.5.5\lucene-backward-codecs-5.5.5.jar;C:\Users\Bort\.m2\repository\org\apache\neethi\neethi\3.1.1\neethi-3.1.1.jar;C:\Users\Bort\.m2\repository\org\apache\qpid\proton-j\0.27.3\proton-j-0.27.3.jar;C:\Users\Bort\.m2\repository\org\apache\santuario\xmlsec\2.1.2\xmlsec-2.1.2.jar;C:\Users\Bort\.m2\repository\org\apache\thrift\libthrift\0.11.0\libthrift-0.11.0.jar;C:\Users\Bort\.m2\repository\org\apache\ws\xmlschema\xmlschema-core\2.2.1\xmlschema-core-2.2.1.jar;C:\Users\Bort\.m2\repository\org\apache\velocity\velocity-engine-core\2.0\velocity-engine-core-2.0.jar;C:\Users\Bort\.m2\repository\org\apache\wss4j\wss4j-bindings\2.2.2\wss4j-bindings-2.2.2.jar;C:\Users\Bort\.m2\repository\org\apache\wss4j\wss4j-ws-security-common\2.2.2\wss4j-ws-security-common-2.2.2.jar;C:\Users\Bort\.m2\repository\org\apache\wss4j\wss4j-ws-security-dom\2.2.2\wss4j-ws-security-dom-2.2.2.jar;C:\Users\Bort\.m2\repository\org\apache\wss4j\wss4j-ws-security-stax\2.2.2\wss4j-ws-security-stax-2.2.2.jar;C:\Users\Bort\.m2\repository\org\apache\wss4j\wss4j-policy\2.2.2\wss4j-policy-2.2.2.jar;C:\Users\Bort\.m2\repository\org\apache\wss4j\wss4j-ws-security-policy-stax\2.2.2\wss4j-ws-security-policy-stax-2.2.2.jar;C:\Users\Bort\.m2\repository\org\bouncycastle\bcprov-jdk15on\1.60\bcprov-jdk15on-1.60.jar;C:\Users\Bort\.m2\repository\org\bouncycastle\bcmail-jdk15on\1.60\bcmail-jdk15on-1.60.jar;C:\Users\Bort\.m2\repository\org\bouncycastle\bcpkix-jdk15on\1.60\bcpkix-jdk15on-1.60.jar;C:\Users\Bort\.m2\repository\org\codehaus\jackson\jackson-core-asl\1.9.13\jackson-core-asl-1.9.13.jar;C:\Users\Bort\.m2\repository\org\codehaus\jackson\jackson-mapper-asl\1.9.13\jackson-mapper-asl-1.9.13.jar;C:\Users\Bort\.m2\repository\org\codehaus\jackson\jackson-jaxrs\1.9.13\jackson-jaxrs-1.9.13.jar;C:\Users\Bort\.m2\repository\org\codehaus\jackson\jackson-xc\1.9.13\jackson-xc-1.9.13.jar;C:\Users\Bort\.m2\repository\org\codehaus\jettison\jettison\1.3.8\jettison-1.3.8.jar;C:\Users\Bort\.m2\repository\net\bytebuddy\byte-buddy\1.9.5\byte-buddy-1.9.5.jar;C:\Users\Bort\.m2\repository\org\hibernate\hibernate-core\5.3.9.Final\hibernate-core-5.3.9.Final.jar;C:\Users\Bort\.m2\repository\org\hibernate\common\hibernate-commons-annotations\5.0.5.Final\hibernate-commons-annotations-5.0.5.Final.jar;C:\Users\Bort\.m2\repository\org\infinispan\infinispan-hibernate-cache-v53\9.4.8.Final\infinispan-hibernate-cache-v53-9.4.8.Final.jar;C:\Users\Bort\.m2\repository\org\hibernate\validator\hibernate-validator\6.0.15.Final\hibernate-validator-6.0.15.Final.jar;C:\Users\Bort\.m2\repository\org\hibernate\validator\hibernate-validator-cdi\6.0.15.Final\hibernate-validator-cdi-6.0.15.Final.jar;C:\Users\Bort\.m2\repository\org\hibernate\hibernate-envers\5.3.9.Final\hibernate-envers-5.3.9.Final.jar;C:\Users\Bort\.m2\repository\org\hibernate\hibernate-search-engine\5.10.5.Final\hibernate-search-engine-5.10.5.Final.jar;C:\Users\Bort\.m2\repository\org\hibernate\hibernate-search-orm\5.10.5.Final\hibernate-search-orm-5.10.5.Final.jar;C:\Users\Bort\.m2\repository\org\hibernate\hibernate-search-backend-jms\5.10.5.Final\hibernate-search-backend-jms-5.10.5.Final.jar;C:\Users\Bort\.m2\repository\org\hibernate\hibernate-search-serialization-avro\5.10.5.Final\hibernate-search-serialization-avro-5.10.5.Final.jar;C:\Users\Bort\.m2\repository\org\wildfly\wildfly-ormtransformer\16.0.0.Final\wildfly-ormtransformer-16.0.0.Final.jar;C:\Users\Bort\.m2\repository\javax\persistence\javax.persistence-api\2.2\javax.persistence-api-2.2.jar;C:\Users\Bort\.m2\repository\javax\security\enterprise\javax.security.enterprise-api\1.0\javax.security.enterprise-api-1.0.jar;C:\Users\Bort\.m2\repository\org\hornetq\hornetq-commons\2.4.7.Final\hornetq-commons-2.4.7.Final.jar;C:\Users\Bort\.m2\repository\org\hornetq\hornetq-core-client\2.4.7.Final\hornetq-core-client-2.4.7.Final.jar;C:\Users\Bort\.m2\repository\org\hornetq\hornetq-jms-client\2.4.7.Final\hornetq-jms-client-2.4.7.Final.jar;C:\Users\Bort\.m2\repository\org\infinispan\infinispan-cachestore-jdbc\9.4.8.Final\infinispan-cachestore-jdbc-9.4.8.Final.jar;C:\Users\Bort\.m2\repository\org\infinispan\infinispan-cachestore-remote\9.4.8.Final\infinispan-cachestore-remote-9.4.8.Final.jar;C:\Users\Bort\.m2\repository\org\infinispan\infinispan-client-hotrod\9.4.8.Final\infinispan-client-hotrod-9.4.8.Final.jar;C:\Users\Bort\.m2\repository\org\infinispan\infinispan-commons\9.4.8.Final\infinispan-commons-9.4.8.Final.jar;C:\Users\Bort\.m2\repository\org\infinispan\infinispan-core\9.4.8.Final\infinispan-core-9.4.8.Final.jar;C:\Users\Bort\.m2\repository\org\infinispan\infinispan-hibernate-cache-commons\9.4.8.Final\infinispan-hibernate-cache-commons-9.4.8.Final.jar;C:\Users\Bort\.m2\repository\org\infinispan\infinispan-hibernate-cache-spi\9.4.8.Final\infinispan-hibernate-cache-spi-9.4.8.Final.jar;C:\Users\Bort\.m2\repository\org\infinispan\infinispan-hibernate-cache-v51\9.4.8.Final\infinispan-hibernate-cache-v51-9.4.8.Final.jar;C:\Users\Bort\.m2\repository\org\javassist\javassist\3.23.1-GA\javassist-3.23.1-GA.jar;C:\Users\Bort\.m2\repository\org\jasypt\jasypt\1.9.2\jasypt-1.9.2.jar;C:\Users\Bort\.m2\repository\org\jberet\jberet-core\1.3.3.Final\jberet-core-1.3.3.Final.jar;C:\Users\Bort\.m2\repository\org\jboss\jboss-iiop-client\1.0.1.Final\jboss-iiop-client-1.0.1.Final.jar;C:\Users\Bort\.m2\repository\org\reactivestreams\reactive-streams\1.0.2\reactive-streams-1.0.2.jar;C:\Users\Bort\.m2\repository\org\wildfly\wildfly-appclient\16.0.0.Final\wildfly-appclient-16.0.0.Final.jar;C:\Users\Bort\.m2\repository\org\wildfly\core\wildfly-cli\8.0.0.Final\wildfly-cli-8.0.0.Final-client.jar;C:\Users\Bort\.m2\repository\org\wildfly\core\wildfly-version\8.0.0.Final\wildfly-version-8.0.0.Final.jar;C:\Users\Bort\.m2\repository\org\wildfly\wildfly-client-all\16.0.0.Final\wildfly-client-all-16.0.0.Final.jar;C:\Users\Bort\.m2\repository\org\wildfly\wildfly-clustering-api\16.0.0.Final\wildfly-clustering-api-16.0.0.Final.jar;C:\Users\Bort\.m2\repository\org\wildfly\wildfly-clustering-common\16.0.0.Final\wildfly-clustering-common-16.0.0.Final.jar;C:\Users\Bort\.m2\repository\org\wildfly\wildfly-clustering-ee-infinispan\16.0.0.Final\wildfly-clustering-ee-infinispan-16.0.0.Final.jar;C:\Users\Bort\.m2\repository\org\wildfly\wildfly-clustering-ee-spi\16.0.0.Final\wildfly-clustering-ee-spi-16.0.0.Final.jar;C:\Users\Bort\.m2\repository\org\wildfly\wildfly-clustering-ejb-infinispan\16.0.0.Final\wildfly-clustering-ejb-infinispan-16.0.0.Final.jar;C:\Users\Bort\.m2\repository\org\wildfly\wildfly-clustering-ejb-spi\16.0.0.Final\wildfly-clustering-ejb-spi-16.0.0.Final.jar;C:\Users\Bort\.m2\repository\org\wildfly\wildfly-clustering-infinispan-extension\16.0.0.Final\wildfly-clustering-infinispan-extension-16.0.0.Final.jar;C:\Users\Bort\.m2\repository\org\wildfly\wildfly-clustering-infinispan-spi\16.0.0.Final\wildfly-clustering-infinispan-spi-16.0.0.Final.jar;C:\Users\Bort\.m2\repository\org\wildfly\wildfly-clustering-jgroups-api\16.0.0.Final\wildfly-clustering-jgroups-api-16.0.0.Final.jar;C:\Users\Bort\.m2\repository\org\wildfly\wildfly-clustering-jgroups-extension\16.0.0.Final\wildfly-clustering-jgroups-extension-16.0.0.Final.jar;C:\Users\Bort\.m2\repository\org\wildfly\wildfly-clustering-jgroups-spi\16.0.0.Final\wildfly-clustering-jgroups-spi-16.0.0.Final.jar;C:\Users\Bort\.m2\repository\org\wildfly\wildfly-clustering-marshalling-api\16.0.0.Final\wildfly-clustering-marshalling-api-16.0.0.Final.jar;C:\Users\Bort\.m2\repository\org\wildfly\wildfly-clustering-marshalling-infinispan\16.0.0.Final\wildfly-clustering-marshalling-infinispan-16.0.0.Final.jar;C:\Users\Bort\.m2\repository\org\wildfly\wildfly-clustering-marshalling-jboss\16.0.0.Final\wildfly-clustering-marshalling-jboss-16.0.0.Final.jar;C:\Users\Bort\.m2\repository\org\wildfly\wildfly-clustering-marshalling-spi\16.0.0.Final\wildfly-clustering-marshalling-spi-16.0.0.Final.jar;C:\Users\Bort\.m2\repository\org\wildfly\wildfly-clustering-service\16.0.0.Final\wildfly-clustering-service-16.0.0.Final.jar;C:\Users\Bort\.m2\repository\org\wildfly\wildfly-clustering-server\16.0.0.Final\wildfly-clustering-server-16.0.0.Final.jar;C:\Users\Bort\.m2\repository\org\wildfly\wildfly-clustering-singleton-api\16.0.0.Final\wildfly-clustering-singleton-api-16.0.0.Final.jar;C:\Users\Bort\.m2\repository\org\wildfly\wildfly-clustering-singleton-extension\16.0.0.Final\wildfly-clustering-singleton-extension-16.0.0.Final.jar;C:\Users\Bort\.m2\repository\org\wildfly\wildfly-clustering-spi\16.0.0.Final\wildfly-clustering-spi-16.0.0.Final.jar;C:\Users\Bort\.m2\repository\org\wildfly\wildfly-clustering-web-api\16.0.0.Final\wildfly-clustering-web-api-16.0.0.Final.jar;C:\Users\Bort\.m2\repository\org\wildfly\wildfly-clustering-web-infinispan\16.0.0.Final\wildfly-clustering-web-infinispan-16.0.0.Final.jar;C:\Users\Bort\.m2\repository\org\wildfly\wildfly-clustering-web-spi\16.0.0.Final\wildfly-clustering-web-spi-16.0.0.Final.jar;C:\Users\Bort\.m2\repository\org\wildfly\wildfly-clustering-web-undertow\16.0.0.Final\wildfly-clustering-web-undertow-16.0.0.Final.jar;C:\Users\Bort\.m2\repository\org\wildfly\wildfly-cmp\16.0.0.Final\wildfly-cmp-16.0.0.Final.jar;C:\Users\Bort\.m2\repository\org\wildfly\wildfly-configadmin\16.0.0.Final\wildfly-configadmin-16.0.0.Final.jar;C:\Users\Bort\.m2\repository\org\jboss\hal\hal-console\3.1.2.Final\hal-console-3.1.2.Final-resources.jar;C:\Users\Bort\.m2\repository\org\wildfly\wildfly-batch-jberet\16.0.0.Final\wildfly-batch-jberet-16.0.0.Final.jar;C:\Users\Bort\.m2\repository\org\wildfly\wildfly-bean-validation\16.0.0.Final\wildfly-bean-validation-16.0.0.Final.jar;C:\Users\Bort\.m2\repository\org\wildfly\wildfly-connector\16.0.0.Final\wildfly-connector-16.0.0.Final.jar;C:\Users\Bort\.m2\repository\org\wildfly\wildfly-datasources-agroal\16.0.0.Final\wildfly-datasources-agroal-16.0.0.Final.jar;C:\Users\Bort\.m2\repository\org\wildfly\discovery\wildfly-discovery-client\1.1.1.Final\wildfly-discovery-client-1.1.1.Final.jar;C:\Users\Bort\.m2\repository\org\wildfly\wildfly-ee-security\16.0.0.Final\wildfly-ee-security-16.0.0.Final.jar;C:\Users\Bort\.m2\repository\org\wildfly\wildfly-ejb3\16.0.0.Final\wildfly-ejb3-16.0.0.Final.jar;C:\Users\Bort\.m2\repository\org\wildfly\wildfly-jaxr\16.0.0.Final\wildfly-jaxr-16.0.0.Final.jar;C:\Users\Bort\.m2\repository\org\wildfly\wildfly-jaxrs\16.0.0.Final\wildfly-jaxrs-16.0.0.Final.jar;C:\Users\Bort\.m2\repository\org\wildfly\wildfly-jdr\16.0.0.Final\wildfly-jdr-16.0.0.Final.jar;C:\Users\Bort\.m2\repository\org\wildfly\wildfly-jsf\16.0.0.Final\wildfly-jsf-16.0.0.Final.jar;C:\Users\Bort\.m2\repository\org\wildfly\wildfly-jsf-injection\16.0.0.Final\wildfly-jsf-injection-16.0.0.Final.jar;C:\Users\Bort\.m2\repository\org\wildfly\wildfly-jsr77\16.0.0.Final\wildfly-jsr77-16.0.0.Final.jar;C:\Users\Bort\.m2\repository\org\wildfly\wildfly-iiop-openjdk\16.0.0.Final\wildfly-iiop-openjdk-16.0.0.Final.jar;C:\Users\Bort\.m2\repository\org\wildfly\wildfly-jacorb\16.0.0.Final\wildfly-jacorb-16.0.0.Final.jar;C:\Users\Bort\.m2\repository\org\wildfly\wildfly-mail\16.0.0.Final\wildfly-mail-16.0.0.Final.jar;C:\Users\Bort\.m2\repository\org\wildfly\wildfly-messaging\16.0.0.Final\wildfly-messaging-16.0.0.Final.jar;C:\Users\Bort\.m2\repository\org\wildfly\wildfly-messaging-activemq\16.0.0.Final\wildfly-messaging-activemq-16.0.0.Final.jar;C:\Users\Bort\.m2\repository\io\smallrye\smallrye-config\1.3.4\smallrye-config-1.3.4.jar;C:\Users\Bort\.m2\repository\org\wildfly\wildfly-microprofile-config-smallrye\16.0.0.Final\wildfly-microprofile-config-smallrye-16.0.0.Final.jar;C:\Users\Bort\.m2\repository\org\eclipse\microprofile\config\microprofile-config-api\1.3\microprofile-config-api-1.3.jar;C:\Users\Bort\.m2\repository\io\prometheus\simpleclient\0.6.0\simpleclient-0.6.0.jar;C:\Users\Bort\.m2\repository\io\prometheus\simpleclient_common\0.6.0\simpleclient_common-0.6.0.jar;C:\Users\Bort\.m2\repository\io\smallrye\smallrye-health\1.0.2\smallrye-health-1.0.2.jar;C:\Users\Bort\.m2\repository\org\wildfly\wildfly-microprofile-health-smallrye\16.0.0.Final\wildfly-microprofile-health-smallrye-16.0.0.Final.jar;C:\Users\Bort\.m2\repository\org\eclipse\microprofile\health\microprofile-health-api\1.0\microprofile-health-api-1.0.jar;C:\Users\Bort\.m2\repository\io\smallrye\smallrye-metrics\1.1.3\smallrye-metrics-1.1.3.jar;C:\Users\Bort\.m2\repository\org\wildfly\wildfly-microprofile-metrics-smallrye\16.0.0.Final\wildfly-microprofile-metrics-smallrye-16.0.0.Final.jar;C:\Users\Bort\.m2\repository\org\eclipse\microprofile\metrics\microprofile-metrics-api\1.1\microprofile-metrics-api-1.1.jar;C:\Users\Bort\.m2\repository\org\wildfly\wildfly-mod_cluster-extension\16.0.0.Final\wildfly-mod_cluster-extension-16.0.0.Final.jar;C:\Users\Bort\.m2\repository\io\smallrye\smallrye-opentracing\1.1.1\smallrye-opentracing-1.1.1.jar;C:\Users\Bort\.m2\repository\org\wildfly\wildfly-microprofile-opentracing-extension\16.0.0.Final\wildfly-microprofile-opentracing-extension-16.0.0.Final.jar;C:\Users\Bort\.m2\repository\org\wildfly\wildfly-microprofile-opentracing-smallrye\16.0.0.Final\wildfly-microprofile-opentracing-smallrye-16.0.0.Final.jar;C:\Users\Bort\.m2\repository\org\eclipse\microprofile\opentracing\microprofile-opentracing-api\1.1\microprofile-opentracing-api-1.1.jar;C:\Users\Bort\.m2\repository\io\opentracing\opentracing-api\0.31.0\opentracing-api-0.31.0.jar;C:\Users\Bort\.m2\repository\io\opentracing\opentracing-noop\0.31.0\opentracing-noop-0.31.0.jar;C:\Users\Bort\.m2\repository\io\opentracing\opentracing-util\0.31.0\opentracing-util-0.31.0.jar;C:\Users\Bort\.m2\repository\io\opentracing\contrib\opentracing-tracerresolver\0.1.5\opentracing-tracerresolver-0.1.5.jar;C:\Users\Bort\.m2\repository\io\opentracing\contrib\opentracing-web-servlet-filter\0.1.0\opentracing-web-servlet-filter-0.1.0.jar;C:\Users\Bort\.m2\repository\io\opentracing\contrib\opentracing-jaxrs2\0.1.7\opentracing-jaxrs2-0.1.7.jar;C:\Users\Bort\.m2\repository\io\opentracing\contrib\opentracing-concurrent\0.1.0\opentracing-concurrent-0.1.0.jar;C:\Users\Bort\.m2\repository\io\jaegertracing\jaeger-core\0.30.6\jaeger-core-0.30.6.jar;C:\Users\Bort\.m2\repository\io\jaegertracing\jaeger-thrift\0.30.6\jaeger-thrift-0.30.6.jar;C:\Users\Bort\.m2\repository\org\wildfly\wildfly-mod_cluster-undertow\16.0.0.Final\wildfly-mod_cluster-undertow-16.0.0.Final.jar;C:\Users\Bort\.m2\repository\org\wildfly\wildfly-naming-client\1.0.9.Final\wildfly-naming-client-1.0.9.Final.jar;C:\Users\Bort\.m2\repository\org\wildfly\wildfly-pojo\16.0.0.Final\wildfly-pojo-16.0.0.Final.jar;C:\Users\Bort\.m2\repository\org\wildfly\wildfly-sar\16.0.0.Final\wildfly-sar-16.0.0.Final.jar;C:\Users\Bort\.m2\repository\org\wildfly\wildfly-transactions\16.0.0.Final\wildfly-transactions-16.0.0.Final.jar;C:\Users\Bort\.m2\repository\org\wildfly\transaction\wildfly-transaction-client\1.1.3.Final\wildfly-transaction-client-1.1.3.Final.jar;C:\Users\Bort\.m2\repository\org\wildfly\wildfly-web\16.0.0.Final\wildfly-web-16.0.0.Final.jar;C:\Users\Bort\.m2\repository\org\wildfly\wildfly-weld\16.0.0.Final\wildfly-weld-16.0.0.Final.jar;C:\Users\Bort\.m2\repository\org\wildfly\wildfly-weld-spi\16.0.0.Final\wildfly-weld-spi-16.0.0.Final.jar;C:\Users\Bort\.m2\repository\org\wildfly\wildfly-weld-common\16.0.0.Final\wildfly-weld-common-16.0.0.Final.jar;C:\Users\Bort\.m2\repository\org\wildfly\wildfly-weld-ejb\16.0.0.Final\wildfly-weld-ejb-16.0.0.Final.jar;C:\Users\Bort\.m2\repository\org\wildfly\wildfly-weld-jpa\16.0.0.Final\wildfly-weld-jpa-16.0.0.Final.jar;C:\Users\Bort\.m2\repository\org\wildfly\wildfly-weld-bean-validation\16.0.0.Final\wildfly-weld-bean-validation-16.0.0.Final.jar;C:\Users\Bort\.m2\repository\org\wildfly\wildfly-weld-webservices\16.0.0.Final\wildfly-weld-webservices-16.0.0.Final.jar;C:\Users\Bort\.m2\repository\org\wildfly\wildfly-weld-transactions\16.0.0.Final\wildfly-weld-transactions-16.0.0.Final.jar;C:\Users\Bort\.m2\repository\org\wildfly\wildfly-webservices-server-integration\16.0.0.Final\wildfly-webservices-server-integration-16.0.0.Final.jar;C:\Users\Bort\.m2\repository\org\wildfly\wildfly-xts\16.0.0.Final\wildfly-xts-16.0.0.Final.jar;C:\Users\Bort\.m2\repository\org\jboss\ws\cxf\jbossws-cxf-transports-undertow\5.2.4.Final\jbossws-cxf-transports-undertow-5.2.4.Final.jar;C:\Users\Bort\.m2\repository\org\jboss\ws\projects\jaxws-undertow-httpspi\1.0.1.Final\jaxws-undertow-httpspi-1.0.1.Final.jar;C:\Users\Bort\.m2\repository\org\picketlink\picketlink-idm-simple-schema\2.5.5.SP12\picketlink-idm-simple-schema-2.5.5.SP12.jar;C:\Users\Bort\.m2\repository\org\picketlink\distribution\picketlink-wildfly8\2.5.5.SP12\picketlink-wildfly8-2.5.5.SP12.jar;C:\Users\Bort\.m2\repository\org\apache\taglibs\taglibs-standard-spec\1.2.6-RC1\taglibs-standard-spec-1.2.6-RC1.jar;C:\Users\Bort\.m2\repository\org\apache\taglibs\taglibs-standard-impl\1.2.6-RC1\taglibs-standard-impl-1.2.6-RC1.jar;C:\Users\Bort\.m2\repository\org\apache\taglibs\taglibs-standard-compat\1.2.6-RC1\taglibs-standard-compat-1.2.6-RC1.jar;C:\Users\Bort\.m2\repository\javax\enterprise\cdi-api\2.0.SP1\cdi-api-2.0.SP1.jar;C:\Users\Bort\.m2\repository\javax\el\javax.el-api\3.0.0\javax.el-api-3.0.0.jar;C:\Users\Bort\.m2\repository\javax\interceptor\javax.interceptor-api\1.2\javax.interceptor-api-1.2.jar;C:\Users\Bort\.m2\repository\javax\inject\javax.inject\1\javax.inject-1.jar;C:\Users\Bort\.m2\repository\org\modelmapper\modelmapper\2.3.2\modelmapper-2.3.2.jar;C:\Users\Bort\.m2\repository\org\jboss\spec\javax\annotation\jboss-annotations-api_1.2_spec\1.0.2.Final\jboss-annotations-api_1.2_spec-1.0.2.Final.jar;C:\Users\Bort\.m2\repository\org\projectlombok\lombok\1.18.6\lombok-1.18.6.jar;C:\Users\Bort\.m2\repository\org\mockito\mockito-all\1.10.19\mockito-all-1.10.19.jar;C:\Users\Bort\.m2\repository\org\junit\jupiter\junit-jupiter\5.4.0\junit-jupiter-5.4.0.jar;C:\Users\Bort\.m2\repository\org\junit\jupiter\junit-jupiter-api\5.4.0\junit-jupiter-api-5.4.0.jar;C:\Users\Bort\.m2\repository\org\apiguardian\apiguardian-api\1.0.0\apiguardian-api-1.0.0.jar;C:\Users\Bort\.m2\repository\org\opentest4j\opentest4j\1.1.1\opentest4j-1.1.1.jar;C:\Users\Bort\.m2\repository\org\junit\platform\junit-platform-commons\1.4.0\junit-platform-commons-1.4.0.jar;C:\Users\Bort\.m2\repository\org\junit\jupiter\junit-jupiter-params\5.4.0\junit-jupiter-params-5.4.0.jar;C:\Users\Bort\.m2\repository\org\junit\jupiter\junit-jupiter-engine\5.4.0\junit-jupiter-engine-5.4.0.jar;C:\Users\Bort\.m2\repository\org\junit\platform\junit-platform-engine\1.4.0\junit-platform-engine-1.4.0.jar;C:\Users\Bort\.m2\repository\mysql\mysql-connector-java\8.0.15\mysql-connector-java-8.0.15.jar;C:\Users\Bort\.m2\repository\com\google\protobuf\protobuf-java\3.6.1\protobuf-java-3.6.1.jar;C:\Users\Bort\.m2\repository\javax\xml\bind\jaxb-api\2.3.1\jaxb-api-2.3.1.jar;C:\Users\Bort\.m2\repository\javax\activation\javax.activation-api\1.2.0\javax.activation-api-1.2.0.jar;C:\Users\Bort\.m2\repository\com\sun\xml\bind\jaxb-impl\2.2.11\jaxb-impl-2.2.11.jar;C:\Users\Bort\.m2\repository\com\google\code\gson\gson\2.8.5\gson-2.8.5.jar;C:\Users\Bort\.m2\repository\org\springframework\security\spring-security-crypto\3.1.0.RELEASE\spring-security-crypto-3.1.0.RELEASE.jar;C:\Users\Bort\.m2\repository\org\springframework\spring-core\3.0.6.RELEASE\spring-core-3.0.6.RELEASE.jar;C:\Users\Bort\.m2\repository\org\springframework\spring-asm\3.0.6.RELEASE\spring-asm-3.0.6.RELEASE.jar;C:\Users\Bort\.m2\repository\io\jsonwebtoken\jjwt-api\0.10.5\jjwt-api-0.10.5.jar;C:\Users\Bort\.m2\repository\io\jsonwebtoken\jjwt-impl\0.10.5\jjwt-impl-0.10.5.jar;C:\Users\Bort\.m2\repository\io\jsonwebtoken\jjwt-jackson\0.10.5\jjwt-jackson-0.10.5.jar;C:\Users\Bort\.m2\repository\javax\websocket\javax.websocket-api\1.1\javax.websocket-api-1.1.jar;"/>
    <property name="java.vm.vendor" value="Oracle Corporation"/>
    <property name="sun.arch.data.model" value="64"/>
    <property name="user.variant" value=""/>
    <property name="java.vendor.url" value="http://java.oracle.com/"/>
    <property name="user.timezone" value="Europe/Berlin"/>
    <property name="java.vm.specification.version" value="11"/>
    <property name="os.name" value="Windows 10"/>
    <property name="sun.java.launcher" value="SUN_STANDARD"/>
    <property name="user.country" value="US"/>
    <property name="sun.boot.library.path" value="C:\Program Files\Java\jdk-11.0.2\bin"/>
    <property name="sun.java.command" value="C:\Users\Bort\AppData\Local\Temp\surefire2483446805550781246\surefirebooter13928264735508741928.jar C:\Users\Bort\AppData\Local\Temp\surefire2483446805550781246 2019-05-05T22-50-51_701-jvmRun1 surefire16719238436702109892tmp surefire_015197726196705845482tmp"/>
    <property name="jdk.debug" value="release"/>
    <property name="surefire.test.class.path" value="D:\Programming\Uni\Twetter\Backend\target\test-classes;D:\Programming\Uni\Twetter\Backend\target\classes;C:\Users\Bort\.m2\repository\org\jetbrains\kotlin\kotlin-stdlib\1.3.21\kotlin-stdlib-1.3.21.jar;C:\Users\Bort\.m2\repository\org\jetbrains\kotlin\kotlin-stdlib-common\1.3.21\kotlin-stdlib-common-1.3.21.jar;C:\Users\Bort\.m2\repository\org\jetbrains\annotations\13.0\annotations-13.0.jar;C:\Users\Bort\.m2\repository\javax\javaee-api\7.0\javaee-api-7.0.jar;C:\Users\Bort\.m2\repository\com\sun\mail\javax.mail\1.5.0\javax.mail-1.5.0.jar;C:\Users\Bort\.m2\repository\javax\activation\activation\1.1\activation-1.1.jar;C:\Users\Bort\.m2\repository\org\wildfly\wildfly-picketlink\16.0.0.Final\wildfly-picketlink-16.0.0.Final.jar;C:\Users\Bort\.m2\repository\org\wildfly\wildfly-security-api\16.0.0.Final\wildfly-security-api-16.0.0.Final.jar;C:\Users\Bort\.m2\repository\org\wildfly\wildfly-system-jmx\16.0.0.Final\wildfly-system-jmx-16.0.0.Final.jar;C:\Users\Bort\.m2\repository\org\jboss\narayana\rts\restat-util\5.9.3.Final\restat-util-5.9.3.Final.jar;C:\Users\Bort\.m2\repository\antlr\antlr\2.7.7\antlr-2.7.7.jar;C:\Users\Bort\.m2\repository\org\ow2\asm\asm\6.2.1\asm-6.2.1.jar;C:\Users\Bort\.m2\repository\org\ow2\asm\asm-util\6.2.1\asm-util-6.2.1.jar;C:\Users\Bort\.m2\repository\com\fasterxml\classmate\1.3.4\classmate-1.3.4.jar;C:\Users\Bort\.m2\repository\com\fasterxml\jackson\core\jackson-core\2.9.8\jackson-core-2.9.8.jar;C:\Users\Bort\.m2\repository\com\fasterxml\jackson\core\jackson-annotations\2.9.8\jackson-annotations-2.9.8.jar;C:\Users\Bort\.m2\repository\com\fasterxml\jackson\core\jackson-databind\2.9.8\jackson-databind-2.9.8.jar;C:\Users\Bort\.m2\repository\com\fasterxml\jackson\jaxrs\jackson-jaxrs-json-provider\2.9.8\jackson-jaxrs-json-provider-2.9.8.jar;C:\Users\Bort\.m2\repository\com\fasterxml\jackson\jaxrs\jackson-jaxrs-base\2.9.8\jackson-jaxrs-base-2.9.8.jar;C:\Users\Bort\.m2\repository\com\fasterxml\jackson\module\jackson-module-jaxb-annotations\2.9.8\jackson-module-jaxb-annotations-2.9.8.jar;C:\Users\Bort\.m2\repository\com\fasterxml\jackson\datatype\jackson-datatype-jsr310\2.9.8\jackson-datatype-jsr310-2.9.8.jar;C:\Users\Bort\.m2\repository\com\fasterxml\jackson\datatype\jackson-datatype-jdk8\2.9.8\jackson-datatype-jdk8-2.9.8.jar;C:\Users\Bort\.m2\repository\com\sun\xml\bind\external\relaxng-datatype\2.3.1\relaxng-datatype-2.3.1.jar;C:\Users\Bort\.m2\repository\com\github\fge\json-patch\1.3\json-patch-1.3.jar;C:\Users\Bort\.m2\repository\com\github\fge\jackson-coreutils\1.0\jackson-coreutils-1.0.jar;C:\Users\Bort\.m2\repository\com\github\spullara\mustache\java\compiler\0.9.4\compiler-0.9.4.jar;C:\Users\Bort\.m2\repository\com\github\ben-manes\caffeine\caffeine\2.6.2\caffeine-2.6.2.jar;C:\Users\Bort\.m2\repository\com\google\guava\guava\25.0-jre\guava-25.0-jre.jar;C:\Users\Bort\.m2\repository\com\h2database\h2\1.4.193\h2-1.4.193.jar;C:\Users\Bort\.m2\repository\com\microsoft\azure\azure-storage\6.1.0\azure-storage-6.1.0.jar;C:\Users\Bort\.m2\repository\com\squareup\okhttp3\okhttp\3.9.0\okhttp-3.9.0.jar;C:\Users\Bort\.m2\repository\com\squareup\okio\okio\1.13.0\okio-1.13.0.jar;C:\Users\Bort\.m2\repository\com\sun\faces\jsf-impl\2.3.9.SP01\jsf-impl-2.3.9.SP01.jar;C:\Users\Bort\.m2\repository\com\sun\istack\istack-commons-runtime\3.0.7\istack-commons-runtime-3.0.7.jar;C:\Users\Bort\.m2\repository\com\sun\istack\istack-commons-tools\3.0.7\istack-commons-tools-3.0.7.jar;C:\Users\Bort\.m2\repository\org\glassfish\jaxb\jaxb-runtime\2.3.1\jaxb-runtime-2.3.1.jar;C:\Users\Bort\.m2\repository\org\glassfish\jaxb\jaxb-xjc\2.3.1\jaxb-xjc-2.3.1.jar;C:\Users\Bort\.m2\repository\org\glassfish\jaxb\jaxb-jxc\2.3.1\jaxb-jxc-2.3.1.jar;C:\Users\Bort\.m2\repository\org\glassfish\jaxb\codemodel\2.3.1\codemodel-2.3.1.jar;C:\Users\Bort\.m2\repository\org\glassfish\soteria\javax.security.enterprise\1.0\javax.security.enterprise-1.0.jar;C:\Users\Bort\.m2\repository\org\wildfly\wildfly-http-client\wildfly-http-ejb-client\1.0.13.Final\wildfly-http-ejb-client-1.0.13.Final.jar;C:\Users\Bort\.m2\repository\org\wildfly\wildfly-http-client\wildfly-http-client-common\1.0.13.Final\wildfly-http-client-common-1.0.13.Final.jar;C:\Users\Bort\.m2\repository\org\wildfly\wildfly-http-client\wildfly-http-naming-client\1.0.13.Final\wildfly-http-naming-client-1.0.13.Final.jar;C:\Users\Bort\.m2\repository\org\wildfly\wildfly-http-client\wildfly-http-transaction-client\1.0.13.Final\wildfly-http-transaction-client-1.0.13.Final.jar;C:\Users\Bort\.m2\repository\com\sun\xml\fastinfoset\FastInfoset\1.2.13\FastInfoset-1.2.13.jar;C:\Users\Bort\.m2\repository\com\sun\xml\messaging\saaj\saaj-impl\1.3.16-jbossorg-1\saaj-impl-1.3.16-jbossorg-1.jar;C:\Users\Bort\.m2\repository\org\glassfish\jaxb\txw2\2.3.1\txw2-2.3.1.jar;C:\Users\Bort\.m2\repository\com\sun\xml\bind\external\rngom\2.3.1\rngom-2.3.1.jar;C:\Users\Bort\.m2\repository\org\glassfish\jaxb\xsom\2.3.1\xsom-2.3.1.jar;C:\Users\Bort\.m2\repository\commons-beanutils\commons-beanutils\1.9.3\commons-beanutils-1.9.3.jar;C:\Users\Bort\.m2\repository\commons-cli\commons-cli\1.3.1\commons-cli-1.3.1.jar;C:\Users\Bort\.m2\repository\commons-codec\commons-codec\1.10\commons-codec-1.10.jar;C:\Users\Bort\.m2\repository\commons-collections\commons-collections\3.2.2\commons-collections-3.2.2.jar;C:\Users\Bort\.m2\repository\commons-io\commons-io\2.5\commons-io-2.5.jar;C:\Users\Bort\.m2\repository\commons-lang\commons-lang\2.6\commons-lang-2.6.jar;C:\Users\Bort\.m2\repository\org\dom4j\dom4j\2.1.1\dom4j-2.1.1.jar;C:\Users\Bort\.m2\repository\gnu\getopt\java-getopt\1.0.13\java-getopt-1.0.13.jar;C:\Users\Bort\.m2\repository\org\jboss\openjdk-orb\openjdk-orb\8.1.2.Final\openjdk-orb-8.1.2.Final.jar;C:\Users\Bort\.m2\repository\javax\jws\jsr181-api\1.0-MR1\jsr181-api-1.0-MR1.jar;C:\Users\Bort\.m2\repository\jaxen\jaxen\1.1.6\jaxen-1.1.6.jar;C:\Users\Bort\.m2\repository\jboss\jaxbintros\jboss-jaxb-intros\1.0.2.GA\jboss-jaxb-intros-1.0.2.GA.jar;C:\Users\Bort\.m2\repository\joda-time\joda-time\2.9.7\joda-time-2.9.7.jar;C:\Users\Bort\.m2\repository\org\jsoup\jsoup\1.8.3\jsoup-1.8.3.jar;C:\Users\Bort\.m2\repository\net\jcip\jcip-annotations\1.0\jcip-annotations-1.0.jar;C:\Users\Bort\.m2\repository\org\apache\avro\avro\1.7.6\avro-1.7.6.jar;C:\Users\Bort\.m2\repository\org\apache\commons\commons-lang3\3.8\commons-lang3-3.8.jar;C:\Users\Bort\.m2\repository\org\jboss\ws\jbossws-api\1.1.2.Final\jbossws-api-1.1.2.Final.jar;C:\Users\Bort\.m2\repository\org\jboss\ws\jbossws-common\3.2.2.Final\jbossws-common-3.2.2.Final.jar;C:\Users\Bort\.m2\repository\org\jboss\ws\jbossws-common-tools\1.3.2.Final\jbossws-common-tools-1.3.2.Final.jar;C:\Users\Bort\.m2\repository\org\jboss\ws\jbossws-spi\3.2.3.Final\jbossws-spi-3.2.3.Final.jar;C:\Users\Bort\.m2\repository\org\jboss\ws\cxf\jbossws-cxf-client\5.2.4.Final\jbossws-cxf-client-5.2.4.Final.jar;C:\Users\Bort\.m2\repository\org\jboss\ws\cxf\jbossws-cxf-jaspi\5.2.4.Final\jbossws-cxf-jaspi-5.2.4.Final.jar;C:\Users\Bort\.m2\repository\org\jboss\ws\cxf\jbossws-cxf-factories\5.2.4.Final\jbossws-cxf-factories-5.2.4.Final.jar;C:\Users\Bort\.m2\repository\org\jboss\ws\cxf\jbossws-cxf-resources\5.2.4.Final\jbossws-cxf-resources-5.2.4.Final-wildfly1400.jar;C:\Users\Bort\.m2\repository\org\jboss\ws\cxf\jbossws-cxf-server\5.2.4.Final\jbossws-cxf-server-5.2.4.Final.jar;C:\Users\Bort\.m2\repository\org\jboss\ws\cxf\jbossws-cxf-transports-udp\5.2.4.Final\jbossws-cxf-transports-udp-5.2.4.Final.jar;C:\Users\Bort\.m2\repository\org\apache\cxf\cxf-rt-bindings-coloc\3.2.7\cxf-rt-bindings-coloc-3.2.7.jar;C:\Users\Bort\.m2\repository\org\apache\cxf\cxf-rt-bindings-soap\3.2.7\cxf-rt-bindings-soap-3.2.7.jar;C:\Users\Bort\.m2\repository\org\apache\cxf\cxf-rt-bindings-xml\3.2.7\cxf-rt-bindings-xml-3.2.7.jar;C:\Users\Bort\.m2\repository\org\apache\cxf\cxf-core\3.2.7\cxf-core-3.2.7.jar;C:\Users\Bort\.m2\repository\org\apache\cxf\cxf-rt-features-logging\3.2.7\cxf-rt-features-logging-3.2.7.jar;C:\Users\Bort\.m2\repository\org\apache\cxf\cxf-rt-databinding-aegis\3.2.7\cxf-rt-databinding-aegis-3.2.7.jar;C:\Users\Bort\.m2\repository\org\apache\cxf\cxf-rt-databinding-jaxb\3.2.7\cxf-rt-databinding-jaxb-3.2.7.jar;C:\Users\Bort\.m2\repository\org\apache\cxf\cxf-rt-features-clustering\3.2.7\cxf-rt-features-clustering-3.2.7.jar;C:\Users\Bort\.m2\repository\org\apache\cxf\cxf-rt-frontend-jaxws\3.2.7\cxf-rt-frontend-jaxws-3.2.7.jar;C:\Users\Bort\.m2\repository\org\apache\cxf\cxf-rt-frontend-simple\3.2.7\cxf-rt-frontend-simple-3.2.7.jar;C:\Users\Bort\.m2\repository\org\apache\cxf\cxf-rt-management\3.2.7\cxf-rt-management-3.2.7.jar;C:\Users\Bort\.m2\repository\org\apache\cxf\cxf-rt-security\3.2.7\cxf-rt-security-3.2.7.jar;C:\Users\Bort\.m2\repository\org\apache\cxf\cxf-rt-security-saml\3.2.7\cxf-rt-security-saml-3.2.7.jar;C:\Users\Bort\.m2\repository\org\apache\cxf\cxf-rt-transports-http\3.2.7\cxf-rt-transports-http-3.2.7.jar;C:\Users\Bort\.m2\repository\org\apache\cxf\cxf-rt-transports-http-hc\3.2.7\cxf-rt-transports-http-hc-3.2.7.jar;C:\Users\Bort\.m2\repository\org\slf4j\slf4j-api\1.7.25\slf4j-api-1.7.25.jar;C:\Users\Bort\.m2\repository\org\apache\cxf\cxf-rt-transports-local\3.2.7\cxf-rt-transports-local-3.2.7.jar;C:\Users\Bort\.m2\repository\org\apache\cxf\cxf-rt-transports-jms\3.2.7\cxf-rt-transports-jms-3.2.7.jar;C:\Users\Bort\.m2\repository\org\apache\cxf\cxf-rt-wsdl\3.2.7\cxf-rt-wsdl-3.2.7.jar;C:\Users\Bort\.m2\repository\org\apache\cxf\cxf-rt-ws-addr\3.2.7\cxf-rt-ws-addr-3.2.7.jar;C:\Users\Bort\.m2\repository\org\apache\cxf\cxf-rt-ws-mex\3.2.7\cxf-rt-ws-mex-3.2.7.jar;C:\Users\Bort\.m2\repository\org\apache\cxf\cxf-rt-ws-policy\3.2.7\cxf-rt-ws-policy-3.2.7.jar;C:\Users\Bort\.m2\repository\org\apache\cxf\cxf-rt-ws-rm\3.2.7\cxf-rt-ws-rm-3.2.7.jar;C:\Users\Bort\.m2\repository\org\apache\cxf\cxf-rt-ws-security\3.2.7\cxf-rt-ws-security-3.2.7.jar;C:\Users\Bort\.m2\repository\org\apache\cxf\cxf-tools-common\3.2.7\cxf-tools-common-3.2.7.jar;C:\Users\Bort\.m2\repository\org\apache\cxf\cxf-tools-java2ws\3.2.7\cxf-tools-java2ws-3.2.7.jar;C:\Users\Bort\.m2\repository\org\apache\cxf\cxf-tools-validator\3.2.7\cxf-tools-validator-3.2.7.jar;C:\Users\Bort\.m2\repository\org\apache\cxf\cxf-tools-wsdlto-core\3.2.7\cxf-tools-wsdlto-core-3.2.7.jar;C:\Users\Bort\.m2\repository\org\apache\cxf\cxf-tools-wsdlto-databinding-jaxb\3.2.7\cxf-tools-wsdlto-databinding-jaxb-3.2.7.jar;C:\Users\Bort\.m2\repository\org\apache\cxf\cxf-tools-wsdlto-frontend-jaxws\3.2.7\cxf-tools-wsdlto-frontend-jaxws-3.2.7.jar;C:\Users\Bort\.m2\repository\org\apache\cxf\services\sts\cxf-services-sts-core\3.2.7\cxf-services-sts-core-3.2.7.jar;C:\Users\Bort\.m2\repository\org\apache\cxf\services\ws-discovery\cxf-services-ws-discovery-api\3.2.7\cxf-services-ws-discovery-api-3.2.7.jar;C:\Users\Bort\.m2\repository\org\apache\cxf\xjc-utils\cxf-xjc-runtime\3.2.3\cxf-xjc-runtime-3.2.3.jar;C:\Users\Bort\.m2\repository\org\apache\cxf\xjcplugins\cxf-xjc-boolean\3.2.3\cxf-xjc-boolean-3.2.3.jar;C:\Users\Bort\.m2\repository\org\apache\cxf\xjcplugins\cxf-xjc-bug986\3.2.3\cxf-xjc-bug986-3.2.3.jar;C:\Users\Bort\.m2\repository\org\apache\cxf\xjcplugins\cxf-xjc-dv\3.2.3\cxf-xjc-dv-3.2.3.jar;C:\Users\Bort\.m2\repository\org\apache\cxf\xjcplugins\cxf-xjc-ts\3.2.3\cxf-xjc-ts-3.2.3.jar;C:\Users\Bort\.m2\repository\org\wildfly\wildfly-rts\16.0.0.Final\wildfly-rts-16.0.0.Final.jar;C:\Users\Bort\.m2\repository\org\jboss\narayana\rts\restat-api\5.9.3.Final\restat-api-5.9.3.Final.jar;C:\Users\Bort\.m2\repository\org\jboss\narayana\rts\restat-integration\5.9.3.Final\restat-integration-5.9.3.Final.jar;C:\Users\Bort\.m2\repository\org\jboss\narayana\rts\restat-bridge\5.9.3.Final\restat-bridge-5.9.3.Final.jar;C:\Users\Bort\.m2\repository\org\jboss\narayana\compensations\compensations\5.9.3.Final\compensations-5.9.3.Final.jar;C:\Users\Bort\.m2\repository\org\jboss\narayana\txframework\txframework\5.9.3.Final\txframework-5.9.3.Final.jar;C:\Users\Bort\.m2\repository\org\jboss\jboss-ejb-client\4.0.14.Final\jboss-ejb-client-4.0.14.Final.jar;C:\Users\Bort\.m2\repository\org\jboss\ejb3\jboss-ejb3-ext-api\2.3.0.Final\jboss-ejb3-ext-api-2.3.0.Final.jar;C:\Users\Bort\.m2\repository\org\wildfly\wildfly-jpa\16.0.0.Final\wildfly-jpa-16.0.0.Final.jar;C:\Users\Bort\.m2\repository\org\wildfly\jipijapa-hibernate5-3\16.0.0.Final\jipijapa-hibernate5-3-16.0.0.Final.jar;C:\Users\Bort\.m2\repository\org\wildfly\jipijapa-hibernate5\16.0.0.Final\jipijapa-hibernate5-16.0.0.Final.jar;C:\Users\Bort\.m2\repository\org\wildfly\jipijapa-hibernate5-legacy\16.0.0.Final\jipijapa-hibernate5-legacy-16.0.0.Final.jar;C:\Users\Bort\.m2\repository\org\wildfly\jipijapa-hibernate5-3-legacy\16.0.0.Final\jipijapa-hibernate5-3-legacy-16.0.0.Final.jar;C:\Users\Bort\.m2\repository\org\wildfly\jipijapa-hibernate4-3\16.0.0.Final\jipijapa-hibernate4-3-16.0.0.Final.jar;C:\Users\Bort\.m2\repository\org\wildfly\jipijapa-hibernate4-1\16.0.0.Final\jipijapa-hibernate4-1-16.0.0.Final.jar;C:\Users\Bort\.m2\repository\org\wildfly\jipijapa-eclipselink\16.0.0.Final\jipijapa-eclipselink-16.0.0.Final.jar;C:\Users\Bort\.m2\repository\org\wildfly\jipijapa-openjpa\16.0.0.Final\jipijapa-openjpa-16.0.0.Final.jar;C:\Users\Bort\.m2\repository\org\wildfly\jipijapa-spi\16.0.0.Final\jipijapa-spi-16.0.0.Final.jar;C:\Users\Bort\.m2\repository\org\jboss\jboss-transaction-spi\7.6.0.Final\jboss-transaction-spi-7.6.0.Final.jar;C:\Users\Bort\.m2\repository\org\jboss\genericjms\generic-jms-ra-jar\2.0.1.Final\generic-jms-ra-jar-2.0.1.Final.jar;C:\Users\Bort\.m2\repository\org\jboss\ironjacamar\ironjacamar-core-api\1.4.12.Final\ironjacamar-core-api-1.4.12.Final.jar;C:\Users\Bort\.m2\repository\org\jboss\ironjacamar\ironjacamar-core-impl\1.4.12.Final\ironjacamar-core-impl-1.4.12.Final.jar;C:\Users\Bort\.m2\repository\org\jboss\ironjacamar\ironjacamar-common-api\1.4.12.Final\ironjacamar-common-api-1.4.12.Final.jar;C:\Users\Bort\.m2\repository\org\jboss\ironjacamar\ironjacamar-common-spi\1.4.12.Final\ironjacamar-common-spi-1.4.12.Final.jar;C:\Users\Bort\.m2\repository\org\jboss\ironjacamar\ironjacamar-common-impl\1.4.12.Final\ironjacamar-common-impl-1.4.12.Final.jar;C:\Users\Bort\.m2\repository\org\jboss\ironjacamar\ironjacamar-deployers-common\1.4.12.Final\ironjacamar-deployers-common-1.4.12.Final.jar;C:\Users\Bort\.m2\repository\org\jboss\ironjacamar\ironjacamar-jdbc\1.4.12.Final\ironjacamar-jdbc-1.4.12.Final.jar;C:\Users\Bort\.m2\repository\org\jboss\ironjacamar\ironjacamar-validator\1.4.12.Final\ironjacamar-validator-1.4.12.Final.jar;C:\Users\Bort\.m2\repository\org\jboss\narayana\jts\narayana-jts-idlj\5.9.3.Final\narayana-jts-idlj-5.9.3.Final.jar;C:\Users\Bort\.m2\repository\org\jboss\narayana\jts\narayana-jts-integration\5.9.3.Final\narayana-jts-integration-5.9.3.Final.jar;C:\Users\Bort\.m2\repository\org\jboss\narayana\jbosstxbridge\5.9.3.Final\jbosstxbridge-5.9.3.Final.jar;C:\Users\Bort\.m2\repository\org\jboss\narayana\xts\jbossxts\5.9.3.Final\jbossxts-5.9.3.Final.jar;C:\Users\Bort\.m2\repository\org\jboss\narayana\xts\jbossxts\5.9.3.Final\jbossxts-5.9.3.Final-api.jar;C:\Users\Bort\.m2\repository\org\jboss\metadata\jboss-metadata-appclient\13.0.0.Final\jboss-metadata-appclient-13.0.0.Final.jar;C:\Users\Bort\.m2\repository\org\jboss\metadata\jboss-metadata-ejb\13.0.0.Final\jboss-metadata-ejb-13.0.0.Final.jar;C:\Users\Bort\.m2\repository\org\jboss\mod_cluster\mod_cluster-container-spi\1.4.0.Final\mod_cluster-container-spi-1.4.0.Final.jar;C:\Users\Bort\.m2\repository\org\jboss\mod_cluster\mod_cluster-core\1.4.0.Final\mod_cluster-core-1.4.0.Final.jar;C:\Users\Bort\.m2\repository\org\jboss\mod_cluster\mod_cluster-load-spi\1.4.0.Final\mod_cluster-load-spi-1.4.0.Final.jar;C:\Users\Bort\.m2\repository\org\jboss\xnio\netty\netty-xnio-transport\0.1.6.Final\netty-xnio-transport-0.1.6.Final.jar;C:\Users\Bort\.m2\repository\io\agroal\agroal-api\1.3\agroal-api-1.3.jar;C:\Users\Bort\.m2\repository\io\agroal\agroal-narayana\1.3\agroal-narayana-1.3.jar;C:\Users\Bort\.m2\repository\io\agroal\agroal-pool\1.3\agroal-pool-1.3.jar;C:\Users\Bort\.m2\repository\io\netty\netty-all\4.1.29.Final\netty-all-4.1.29.Final.jar;C:\Users\Bort\.m2\repository\io\reactivex\rxjava2\rxjava\2.2.2\rxjava-2.2.2.jar;C:\Users\Bort\.m2\repository\io\undertow\js\undertow-js\1.0.2.Final\undertow-js-1.0.2.Final.jar;C:\Users\Bort\.m2\repository\org\jboss\spec\javax\ws\rs\jboss-jaxrs-api_2.1_spec\1.0.2.Final\jboss-jaxrs-api_2.1_spec-1.0.2.Final.jar;C:\Users\Bort\.m2\repository\org\jboss\resteasy\jose-jwt\3.6.3.Final\jose-jwt-3.6.3.Final.jar;C:\Users\Bort\.m2\repository\org\jboss\resteasy\resteasy-client\3.6.3.Final\resteasy-client-3.6.3.Final.jar;C:\Users\Bort\.m2\repository\org\jboss\resteasy\resteasy-client-microprofile\3.6.3.Final\resteasy-client-microprofile-3.6.3.Final.jar;C:\Users\Bort\.m2\repository\org\jboss\resteasy\resteasy-jaxrs\3.6.3.Final\resteasy-jaxrs-3.6.3.Final.jar;C:\Users\Bort\.m2\repository\org\jboss\resteasy\resteasy-spring\3.6.3.Final\resteasy-spring-3.6.3.Final.jar;C:\Users\Bort\.m2\repository\org\jboss\resteasy\resteasy-atom-provider\3.6.3.Final\resteasy-atom-provider-3.6.3.Final.jar;C:\Users\Bort\.m2\repository\org\jboss\resteasy\resteasy-cdi\3.6.3.Final\resteasy-cdi-3.6.3.Final.jar;C:\Users\Bort\.m2\repository\org\jboss\resteasy\resteasy-crypto\3.6.3.Final\resteasy-crypto-3.6.3.Final.jar;C:\Users\Bort\.m2\repository\org\jboss\resteasy\resteasy-jackson-provider\3.6.3.Final\resteasy-jackson-provider-3.6.3.Final.jar;C:\Users\Bort\.m2\repository\org\jboss\resteasy\resteasy-jackson2-provider\3.6.3.Final\resteasy-jackson2-provider-3.6.3.Final.jar;C:\Users\Bort\.m2\repository\org\jboss\resteasy\resteasy-json-binding-provider\3.6.3.Final\resteasy-json-binding-provider-3.6.3.Final.jar;C:\Users\Bort\.m2\repository\org\jboss\resteasy\resteasy-json-p-provider\3.6.3.Final\resteasy-json-p-provider-3.6.3.Final.jar;C:\Users\Bort\.m2\repository\org\jboss\resteasy\resteasy-jaxb-provider\3.6.3.Final\resteasy-jaxb-provider-3.6.3.Final.jar;C:\Users\Bort\.m2\repository\org\jboss\logging\jboss-logging\3.3.2.Final\jboss-logging-3.3.2.Final.jar;C:\Users\Bort\.m2\repository\org\jboss\resteasy\resteasy-jettison-provider\3.6.3.Final\resteasy-jettison-provider-3.6.3.Final.jar;C:\Users\Bort\.m2\repository\org\jboss\resteasy\resteasy-jsapi\3.6.3.Final\resteasy-jsapi-3.6.3.Final.jar;C:\Users\Bort\.m2\repository\org\jboss\resteasy\resteasy-multipart-provider\3.6.3.Final\resteasy-multipart-provider-3.6.3.Final.jar;C:\Users\Bort\.m2\repository\org\jboss\resteasy\resteasy-rxjava2\3.6.3.Final\resteasy-rxjava2-3.6.3.Final.jar;C:\Users\Bort\.m2\repository\org\jboss\resteasy\resteasy-validator-provider-11\3.6.3.Final\resteasy-validator-provider-11-3.6.3.Final.jar;C:\Users\Bort\.m2\repository\org\jboss\resteasy\resteasy-yaml-provider\3.6.3.Final\resteasy-yaml-provider-3.6.3.Final.jar;C:\Users\Bort\.m2\repository\org\jboss\seam\integration\jboss-seam-int-jbossas\7.0.0.GA\jboss-seam-int-jbossas-7.0.0.GA.jar;C:\Users\Bort\.m2\repository\org\jboss\security\jbossxacml\2.0.8.Final\jbossxacml-2.0.8.Final.jar;C:\Users\Bort\.m2\repository\org\jboss\spec\javax\batch\jboss-batch-api_1.0_spec\1.0.1.Final\jboss-batch-api_1.0_spec-1.0.1.Final.jar;C:\Users\Bort\.m2\repository\org\jboss\spec\javax\ejb\jboss-ejb-api_3.2_spec\1.0.1.Final\jboss-ejb-api_3.2_spec-1.0.1.Final.jar;C:\Users\Bort\.m2\repository\org\jboss\spec\javax\faces\jboss-jsf-api_2.3_spec\2.3.9.SP01\jboss-jsf-api_2.3_spec-2.3.9.SP01.jar;C:\Users\Bort\.m2\repository\org\jboss\spec\javax\jms\jboss-jms-api_2.0_spec\1.0.2.Final\jboss-jms-api_2.0_spec-1.0.2.Final.jar;C:\Users\Bort\.m2\repository\org\jboss\spec\javax\management\j2ee\jboss-j2eemgmt-api_1.1_spec\1.0.2.Final\jboss-j2eemgmt-api_1.1_spec-1.0.2.Final.jar;C:\Users\Bort\.m2\repository\org\jboss\spec\javax\resource\jboss-connector-api_1.7_spec\1.0.1.Final\jboss-connector-api_1.7_spec-1.0.1.Final.jar;C:\Users\Bort\.m2\repository\org\jboss\spec\javax\rmi\jboss-rmi-api_1.0_spec\1.0.6.Final\jboss-rmi-api_1.0_spec-1.0.6.Final.jar;C:\Users\Bort\.m2\repository\org\jboss\spec\javax\transaction\jboss-transaction-api_1.2_spec\1.1.1.Final\jboss-transaction-api_1.2_spec-1.1.1.Final.jar;C:\Users\Bort\.m2\repository\org\jboss\spec\javax\xml\bind\jboss-jaxb-api_2.3_spec\1.0.1.Final\jboss-jaxb-api_2.3_spec-1.0.1.Final.jar;C:\Users\Bort\.m2\repository\org\jboss\spec\javax\xml\rpc\jboss-jaxrpc-api_1.1_spec\1.0.2.Final\jboss-jaxrpc-api_1.1_spec-1.0.2.Final.jar;C:\Users\Bort\.m2\repository\org\jboss\spec\javax\xml\soap\jboss-saaj-api_1.3_spec\1.0.6.Final\jboss-saaj-api_1.3_spec-1.0.6.Final.jar;C:\Users\Bort\.m2\repository\org\jboss\spec\javax\xml\ws\jboss-jaxws-api_2.3_spec\1.0.0.Final\jboss-jaxws-api_2.3_spec-1.0.0.Final.jar;C:\Users\Bort\.m2\repository\org\jboss\weld\weld-api\3.1.Final\weld-api-3.1.Final.jar;C:\Users\Bort\.m2\repository\org\jboss\weld\weld-core-impl\3.1.0.Final\weld-core-impl-3.1.0.Final.jar;C:\Users\Bort\.m2\repository\org\jboss\weld\module\weld-ejb\3.1.0.Final\weld-ejb-3.1.0.Final.jar;C:\Users\Bort\.m2\repository\org\jboss\weld\module\weld-jsf\3.1.0.Final\weld-jsf-3.1.0.Final.jar;C:\Users\Bort\.m2\repository\org\jboss\weld\module\weld-jta\3.1.0.Final\weld-jta-3.1.0.Final.jar;C:\Users\Bort\.m2\repository\org\jboss\weld\module\weld-web\3.1.0.Final\weld-web-3.1.0.Final.jar;C:\Users\Bort\.m2\repository\org\jboss\weld\probe\weld-probe-core\3.1.0.Final\weld-probe-core-3.1.0.Final.jar;C:\Users\Bort\.m2\repository\org\jboss\weld\weld-spi\3.1.Final\weld-spi-3.1.Final.jar;C:\Users\Bort\.m2\repository\org\eclipse\microprofile\rest\client\microprofile-rest-client-api\1.0.1\microprofile-rest-client-api-1.0.1.jar;C:\Users\Bort\.m2\repository\org\jdom\jdom\1.1.3\jdom-1.1.3.jar;C:\Users\Bort\.m2\repository\org\jgroups\jgroups\4.0.18.Final\jgroups-4.0.18.Final.jar;C:\Users\Bort\.m2\repository\org\jgroups\azure\jgroups-azure\1.2.0.Final\jgroups-azure-1.2.0.Final.jar;C:\Users\Bort\.m2\repository\org\jgroups\kubernetes\jgroups-kubernetes\1.0.6.Final\jgroups-kubernetes-1.0.6.Final.jar;C:\Users\Bort\.m2\repository\org\picketlink\picketlink-api\2.5.5.SP12\picketlink-api-2.5.5.SP12.jar;C:\Users\Bort\.m2\repository\org\picketlink\picketlink-impl\2.5.5.SP12\picketlink-impl-2.5.5.SP12.jar;C:\Users\Bort\.m2\repository\org\picketlink\picketlink-federation\2.5.5.SP12\picketlink-federation-2.5.5.SP12.jar;C:\Users\Bort\.m2\repository\org\picketlink\picketlink-common\2.5.5.SP12\picketlink-common-2.5.5.SP12.jar;C:\Users\Bort\.m2\repository\org\picketlink\picketlink-config\2.5.5.SP12\picketlink-config-2.5.5.SP12.jar;C:\Users\Bort\.m2\repository\org\picketlink\picketlink-idm-api\2.5.5.SP12\picketlink-idm-api-2.5.5.SP12.jar;C:\Users\Bort\.m2\repository\org\picketlink\picketlink-idm-impl\2.5.5.SP12\picketlink-idm-impl-2.5.5.SP12.jar;C:\Users\Bort\.m2\repository\org\yaml\snakeyaml\1.18\snakeyaml-1.18.jar;C:\Users\Bort\.m2\repository\wsdl4j\wsdl4j\1.6.3\wsdl4j-1.6.3.jar;C:\Users\Bort\.m2\repository\com\io7m\xom\xom\1.2.10\xom-1.2.10.jar;C:\Users\Bort\.m2\repository\org\cryptacular\cryptacular\1.2.0\cryptacular-1.2.0.jar;C:\Users\Bort\.m2\repository\org\opensaml\opensaml-core\3.3.0\opensaml-core-3.3.0.jar;C:\Users\Bort\.m2\repository\org\opensaml\opensaml-profile-api\3.3.0\opensaml-profile-api-3.3.0.jar;C:\Users\Bort\.m2\repository\org\opensaml\opensaml-saml-api\3.3.0\opensaml-saml-api-3.3.0.jar;C:\Users\Bort\.m2\repository\org\opensaml\opensaml-saml-impl\3.3.0\opensaml-saml-impl-3.3.0.jar;C:\Users\Bort\.m2\repository\org\opensaml\opensaml-security-api\3.3.0\opensaml-security-api-3.3.0.jar;C:\Users\Bort\.m2\repository\org\opensaml\opensaml-security-impl\3.3.0\opensaml-security-impl-3.3.0.jar;C:\Users\Bort\.m2\repository\org\opensaml\opensaml-soap-api\3.3.0\opensaml-soap-api-3.3.0.jar;C:\Users\Bort\.m2\repository\org\opensaml\opensaml-xacml-api\3.3.0\opensaml-xacml-api-3.3.0.jar;C:\Users\Bort\.m2\repository\org\opensaml\opensaml-xacml-impl\3.3.0\opensaml-xacml-impl-3.3.0.jar;C:\Users\Bort\.m2\repository\org\opensaml\opensaml-xacml-saml-api\3.3.0\opensaml-xacml-saml-api-3.3.0.jar;C:\Users\Bort\.m2\repository\org\opensaml\opensaml-xacml-saml-impl\3.3.0\opensaml-xacml-saml-impl-3.3.0.jar;C:\Users\Bort\.m2\repository\org\opensaml\opensaml-xmlsec-api\3.3.0\opensaml-xmlsec-api-3.3.0.jar;C:\Users\Bort\.m2\repository\org\opensaml\opensaml-xmlsec-impl\3.3.0\opensaml-xmlsec-impl-3.3.0.jar;C:\Users\Bort\.m2\repository\net\shibboleth\utilities\java-support\7.1.1\java-support-7.1.1.jar;C:\Users\Bort\.m2\repository\org\jboss\activemq\artemis\integration\artemis-wildfly-integration\1.0.2\artemis-wildfly-integration-1.0.2.jar;C:\Users\Bort\.m2\repository\org\apache\activemq\artemis-amqp-protocol\2.6.3.jbossorg-00014\artemis-amqp-protocol-2.6.3.jbossorg-00014.jar;C:\Users\Bort\.m2\repository\org\apache\activemq\artemis-cli\2.6.3.jbossorg-00014\artemis-cli-2.6.3.jbossorg-00014.jar;C:\Users\Bort\.m2\repository\org\apache\activemq\artemis-commons\2.6.3.jbossorg-00014\artemis-commons-2.6.3.jbossorg-00014.jar;C:\Users\Bort\.m2\repository\org\apache\activemq\artemis-core-client\2.6.3.jbossorg-00014\artemis-core-client-2.6.3.jbossorg-00014.jar;C:\Users\Bort\.m2\repository\org\apache\activemq\artemis-dto\2.6.3.jbossorg-00014\artemis-dto-2.6.3.jbossorg-00014.jar;C:\Users\Bort\.m2\repository\org\apache\activemq\artemis-hornetq-protocol\2.6.3.jbossorg-00014\artemis-hornetq-protocol-2.6.3.jbossorg-00014.jar;C:\Users\Bort\.m2\repository\org\apache\activemq\artemis-hqclient-protocol\2.6.3.jbossorg-00014\artemis-hqclient-protocol-2.6.3.jbossorg-00014.jar;C:\Users\Bort\.m2\repository\org\apache\activemq\artemis-jdbc-store\2.6.3.jbossorg-00014\artemis-jdbc-store-2.6.3.jbossorg-00014.jar;C:\Users\Bort\.m2\repository\org\apache\activemq\artemis-jms-client\2.6.3.jbossorg-00014\artemis-jms-client-2.6.3.jbossorg-00014.jar;C:\Users\Bort\.m2\repository\org\apache\activemq\artemis-jms-server\2.6.3.jbossorg-00014\artemis-jms-server-2.6.3.jbossorg-00014.jar;C:\Users\Bort\.m2\repository\org\apache\activemq\artemis-journal\2.6.3.jbossorg-00014\artemis-journal-2.6.3.jbossorg-00014.jar;C:\Users\Bort\.m2\repository\org\apache\activemq\artemis-native\2.6.3.jbossorg-00014\artemis-native-2.6.3.jbossorg-00014.jar;C:\Users\Bort\.m2\repository\org\apache\activemq\artemis-ra\2.6.3.jbossorg-00014\artemis-ra-2.6.3.jbossorg-00014.jar;C:\Users\Bort\.m2\repository\org\apache\activemq\artemis-selector\2.6.3.jbossorg-00014\artemis-selector-2.6.3.jbossorg-00014.jar;C:\Users\Bort\.m2\repository\org\apache\activemq\artemis-server\2.6.3.jbossorg-00014\artemis-server-2.6.3.jbossorg-00014.jar;C:\Users\Bort\.m2\repository\org\apache\activemq\artemis-service-extensions\2.6.3.jbossorg-00014\artemis-service-extensions-2.6.3.jbossorg-00014.jar;C:\Users\Bort\.m2\repository\org\apache\activemq\artemis-stomp-protocol\2.6.3.jbossorg-00014\artemis-stomp-protocol-2.6.3.jbossorg-00014.jar;C:\Users\Bort\.m2\repository\org\apache\activemq\artemis-tools\2.6.3.jbossorg-00014\artemis-tools-2.6.3.jbossorg-00014.jar;C:\Users\Bort\.m2\repository\org\apache\httpcomponents\httpclient\4.5.4\httpclient-4.5.4.jar;C:\Users\Bort\.m2\repository\org\apache\httpcomponents\httpcore\4.4.5\httpcore-4.4.5.jar;C:\Users\Bort\.m2\repository\org\apache\httpcomponents\httpcore-nio\4.4.5\httpcore-nio-4.4.5.jar;C:\Users\Bort\.m2\repository\org\apache\httpcomponents\httpasyncclient\4.1.4\httpasyncclient-4.1.4.jar;C:\Users\Bort\.m2\repository\org\apache\httpcomponents\httpmime\4.5.4\httpmime-4.5.4.jar;C:\Users\Bort\.m2\repository\org\apache\james\apache-mime4j\0.6\apache-mime4j-0.6.jar;C:\Users\Bort\.m2\repository\org\apache\lucene\lucene-analyzers-common\5.5.5\lucene-analyzers-common-5.5.5.jar;C:\Users\Bort\.m2\repository\org\apache\lucene\lucene-core\5.5.5\lucene-core-5.5.5.jar;C:\Users\Bort\.m2\repository\org\apache\lucene\lucene-facet\5.5.5\lucene-facet-5.5.5.jar;C:\Users\Bort\.m2\repository\org\apache\lucene\lucene-queryparser\5.5.5\lucene-queryparser-5.5.5.jar;C:\Users\Bort\.m2\repository\org\apache\lucene\lucene-queries\5.5.5\lucene-queries-5.5.5.jar;C:\Users\Bort\.m2\repository\org\apache\lucene\lucene-misc\5.5.5\lucene-misc-5.5.5.jar;C:\Users\Bort\.m2\repository\org\apache\lucene\lucene-backward-codecs\5.5.5\lucene-backward-codecs-5.5.5.jar;C:\Users\Bort\.m2\repository\org\apache\neethi\neethi\3.1.1\neethi-3.1.1.jar;C:\Users\Bort\.m2\repository\org\apache\qpid\proton-j\0.27.3\proton-j-0.27.3.jar;C:\Users\Bort\.m2\repository\org\apache\santuario\xmlsec\2.1.2\xmlsec-2.1.2.jar;C:\Users\Bort\.m2\repository\org\apache\thrift\libthrift\0.11.0\libthrift-0.11.0.jar;C:\Users\Bort\.m2\repository\org\apache\ws\xmlschema\xmlschema-core\2.2.1\xmlschema-core-2.2.1.jar;C:\Users\Bort\.m2\repository\org\apache\velocity\velocity-engine-core\2.0\velocity-engine-core-2.0.jar;C:\Users\Bort\.m2\repository\org\apache\wss4j\wss4j-bindings\2.2.2\wss4j-bindings-2.2.2.jar;C:\Users\Bort\.m2\repository\org\apache\wss4j\wss4j-ws-security-common\2.2.2\wss4j-ws-security-common-2.2.2.jar;C:\Users\Bort\.m2\repository\org\apache\wss4j\wss4j-ws-security-dom\2.2.2\wss4j-ws-security-dom-2.2.2.jar;C:\Users\Bort\.m2\repository\org\apache\wss4j\wss4j-ws-security-stax\2.2.2\wss4j-ws-security-stax-2.2.2.jar;C:\Users\Bort\.m2\repository\org\apache\wss4j\wss4j-policy\2.2.2\wss4j-policy-2.2.2.jar;C:\Users\Bort\.m2\repository\org\apache\wss4j\wss4j-ws-security-policy-stax\2.2.2\wss4j-ws-security-policy-stax-2.2.2.jar;C:\Users\Bort\.m2\repository\org\bouncycastle\bcprov-jdk15on\1.60\bcprov-jdk15on-1.60.jar;C:\Users\Bort\.m2\repository\org\bouncycastle\bcmail-jdk15on\1.60\bcmail-jdk15on-1.60.jar;C:\Users\Bort\.m2\repository\org\bouncycastle\bcpkix-jdk15on\1.60\bcpkix-jdk15on-1.60.jar;C:\Users\Bort\.m2\repository\org\codehaus\jackson\jackson-core-asl\1.9.13\jackson-core-asl-1.9.13.jar;C:\Users\Bort\.m2\repository\org\codehaus\jackson\jackson-mapper-asl\1.9.13\jackson-mapper-asl-1.9.13.jar;C:\Users\Bort\.m2\repository\org\codehaus\jackson\jackson-jaxrs\1.9.13\jackson-jaxrs-1.9.13.jar;C:\Users\Bort\.m2\repository\org\codehaus\jackson\jackson-xc\1.9.13\jackson-xc-1.9.13.jar;C:\Users\Bort\.m2\repository\org\codehaus\jettison\jettison\1.3.8\jettison-1.3.8.jar;C:\Users\Bort\.m2\repository\net\bytebuddy\byte-buddy\1.9.5\byte-buddy-1.9.5.jar;C:\Users\Bort\.m2\repository\org\hibernate\hibernate-core\5.3.9.Final\hibernate-core-5.3.9.Final.jar;C:\Users\Bort\.m2\repository\org\hibernate\common\hibernate-commons-annotations\5.0.5.Final\hibernate-commons-annotations-5.0.5.Final.jar;C:\Users\Bort\.m2\repository\org\infinispan\infinispan-hibernate-cache-v53\9.4.8.Final\infinispan-hibernate-cache-v53-9.4.8.Final.jar;C:\Users\Bort\.m2\repository\org\hibernate\validator\hibernate-validator\6.0.15.Final\hibernate-validator-6.0.15.Final.jar;C:\Users\Bort\.m2\repository\org\hibernate\validator\hibernate-validator-cdi\6.0.15.Final\hibernate-validator-cdi-6.0.15.Final.jar;C:\Users\Bort\.m2\repository\org\hibernate\hibernate-envers\5.3.9.Final\hibernate-envers-5.3.9.Final.jar;C:\Users\Bort\.m2\repository\org\hibernate\hibernate-search-engine\5.10.5.Final\hibernate-search-engine-5.10.5.Final.jar;C:\Users\Bort\.m2\repository\org\hibernate\hibernate-search-orm\5.10.5.Final\hibernate-search-orm-5.10.5.Final.jar;C:\Users\Bort\.m2\repository\org\hibernate\hibernate-search-backend-jms\5.10.5.Final\hibernate-search-backend-jms-5.10.5.Final.jar;C:\Users\Bort\.m2\repository\org\hibernate\hibernate-search-serialization-avro\5.10.5.Final\hibernate-search-serialization-avro-5.10.5.Final.jar;C:\Users\Bort\.m2\repository\org\wildfly\wildfly-ormtransformer\16.0.0.Final\wildfly-ormtransformer-16.0.0.Final.jar;C:\Users\Bort\.m2\repository\javax\persistence\javax.persistence-api\2.2\javax.persistence-api-2.2.jar;C:\Users\Bort\.m2\repository\javax\security\enterprise\javax.security.enterprise-api\1.0\javax.security.enterprise-api-1.0.jar;C:\Users\Bort\.m2\repository\org\hornetq\hornetq-commons\2.4.7.Final\hornetq-commons-2.4.7.Final.jar;C:\Users\Bort\.m2\repository\org\hornetq\hornetq-core-client\2.4.7.Final\hornetq-core-client-2.4.7.Final.jar;C:\Users\Bort\.m2\repository\org\hornetq\hornetq-jms-client\2.4.7.Final\hornetq-jms-client-2.4.7.Final.jar;C:\Users\Bort\.m2\repository\org\infinispan\infinispan-cachestore-jdbc\9.4.8.Final\infinispan-cachestore-jdbc-9.4.8.Final.jar;C:\Users\Bort\.m2\repository\org\infinispan\infinispan-cachestore-remote\9.4.8.Final\infinispan-cachestore-remote-9.4.8.Final.jar;C:\Users\Bort\.m2\repository\org\infinispan\infinispan-client-hotrod\9.4.8.Final\infinispan-client-hotrod-9.4.8.Final.jar;C:\Users\Bort\.m2\repository\org\infinispan\infinispan-commons\9.4.8.Final\infinispan-commons-9.4.8.Final.jar;C:\Users\Bort\.m2\repository\org\infinispan\infinispan-core\9.4.8.Final\infinispan-core-9.4.8.Final.jar;C:\Users\Bort\.m2\repository\org\infinispan\infinispan-hibernate-cache-commons\9.4.8.Final\infinispan-hibernate-cache-commons-9.4.8.Final.jar;C:\Users\Bort\.m2\repository\org\infinispan\infinispan-hibernate-cache-spi\9.4.8.Final\infinispan-hibernate-cache-spi-9.4.8.Final.jar;C:\Users\Bort\.m2\repository\org\infinispan\infinispan-hibernate-cache-v51\9.4.8.Final\infinispan-hibernate-cache-v51-9.4.8.Final.jar;C:\Users\Bort\.m2\repository\org\javassist\javassist\3.23.1-GA\javassist-3.23.1-GA.jar;C:\Users\Bort\.m2\repository\org\jasypt\jasypt\1.9.2\jasypt-1.9.2.jar;C:\Users\Bort\.m2\repository\org\jberet\jberet-core\1.3.3.Final\jberet-core-1.3.3.Final.jar;C:\Users\Bort\.m2\repository\org\jboss\jboss-iiop-client\1.0.1.Final\jboss-iiop-client-1.0.1.Final.jar;C:\Users\Bort\.m2\repository\org\reactivestreams\reactive-streams\1.0.2\reactive-streams-1.0.2.jar;C:\Users\Bort\.m2\repository\org\wildfly\wildfly-appclient\16.0.0.Final\wildfly-appclient-16.0.0.Final.jar;C:\Users\Bort\.m2\repository\org\wildfly\core\wildfly-cli\8.0.0.Final\wildfly-cli-8.0.0.Final-client.jar;C:\Users\Bort\.m2\repository\org\wildfly\core\wildfly-version\8.0.0.Final\wildfly-version-8.0.0.Final.jar;C:\Users\Bort\.m2\repository\org\wildfly\wildfly-client-all\16.0.0.Final\wildfly-client-all-16.0.0.Final.jar;C:\Users\Bort\.m2\repository\org\wildfly\wildfly-clustering-api\16.0.0.Final\wildfly-clustering-api-16.0.0.Final.jar;C:\Users\Bort\.m2\repository\org\wildfly\wildfly-clustering-common\16.0.0.Final\wildfly-clustering-common-16.0.0.Final.jar;C:\Users\Bort\.m2\repository\org\wildfly\wildfly-clustering-ee-infinispan\16.0.0.Final\wildfly-clustering-ee-infinispan-16.0.0.Final.jar;C:\Users\Bort\.m2\repository\org\wildfly\wildfly-clustering-ee-spi\16.0.0.Final\wildfly-clustering-ee-spi-16.0.0.Final.jar;C:\Users\Bort\.m2\repository\org\wildfly\wildfly-clustering-ejb-infinispan\16.0.0.Final\wildfly-clustering-ejb-infinispan-16.0.0.Final.jar;C:\Users\Bort\.m2\repository\org\wildfly\wildfly-clustering-ejb-spi\16.0.0.Final\wildfly-clustering-ejb-spi-16.0.0.Final.jar;C:\Users\Bort\.m2\repository\org\wildfly\wildfly-clustering-infinispan-extension\16.0.0.Final\wildfly-clustering-infinispan-extension-16.0.0.Final.jar;C:\Users\Bort\.m2\repository\org\wildfly\wildfly-clustering-infinispan-spi\16.0.0.Final\wildfly-clustering-infinispan-spi-16.0.0.Final.jar;C:\Users\Bort\.m2\repository\org\wildfly\wildfly-clustering-jgroups-api\16.0.0.Final\wildfly-clustering-jgroups-api-16.0.0.Final.jar;C:\Users\Bort\.m2\repository\org\wildfly\wildfly-clustering-jgroups-extension\16.0.0.Final\wildfly-clustering-jgroups-extension-16.0.0.Final.jar;C:\Users\Bort\.m2\repository\org\wildfly\wildfly-clustering-jgroups-spi\16.0.0.Final\wildfly-clustering-jgroups-spi-16.0.0.Final.jar;C:\Users\Bort\.m2\repository\org\wildfly\wildfly-clustering-marshalling-api\16.0.0.Final\wildfly-clustering-marshalling-api-16.0.0.Final.jar;C:\Users\Bort\.m2\repository\org\wildfly\wildfly-clustering-marshalling-infinispan\16.0.0.Final\wildfly-clustering-marshalling-infinispan-16.0.0.Final.jar;C:\Users\Bort\.m2\repository\org\wildfly\wildfly-clustering-marshalling-jboss\16.0.0.Final\wildfly-clustering-marshalling-jboss-16.0.0.Final.jar;C:\Users\Bort\.m2\repository\org\wildfly\wildfly-clustering-marshalling-spi\16.0.0.Final\wildfly-clustering-marshalling-spi-16.0.0.Final.jar;C:\Users\Bort\.m2\repository\org\wildfly\wildfly-clustering-service\16.0.0.Final\wildfly-clustering-service-16.0.0.Final.jar;C:\Users\Bort\.m2\repository\org\wildfly\wildfly-clustering-server\16.0.0.Final\wildfly-clustering-server-16.0.0.Final.jar;C:\Users\Bort\.m2\repository\org\wildfly\wildfly-clustering-singleton-api\16.0.0.Final\wildfly-clustering-singleton-api-16.0.0.Final.jar;C:\Users\Bort\.m2\repository\org\wildfly\wildfly-clustering-singleton-extension\16.0.0.Final\wildfly-clustering-singleton-extension-16.0.0.Final.jar;C:\Users\Bort\.m2\repository\org\wildfly\wildfly-clustering-spi\16.0.0.Final\wildfly-clustering-spi-16.0.0.Final.jar;C:\Users\Bort\.m2\repository\org\wildfly\wildfly-clustering-web-api\16.0.0.Final\wildfly-clustering-web-api-16.0.0.Final.jar;C:\Users\Bort\.m2\repository\org\wildfly\wildfly-clustering-web-infinispan\16.0.0.Final\wildfly-clustering-web-infinispan-16.0.0.Final.jar;C:\Users\Bort\.m2\repository\org\wildfly\wildfly-clustering-web-spi\16.0.0.Final\wildfly-clustering-web-spi-16.0.0.Final.jar;C:\Users\Bort\.m2\repository\org\wildfly\wildfly-clustering-web-undertow\16.0.0.Final\wildfly-clustering-web-undertow-16.0.0.Final.jar;C:\Users\Bort\.m2\repository\org\wildfly\wildfly-cmp\16.0.0.Final\wildfly-cmp-16.0.0.Final.jar;C:\Users\Bort\.m2\repository\org\wildfly\wildfly-configadmin\16.0.0.Final\wildfly-configadmin-16.0.0.Final.jar;C:\Users\Bort\.m2\repository\org\jboss\hal\hal-console\3.1.2.Final\hal-console-3.1.2.Final-resources.jar;C:\Users\Bort\.m2\repository\org\wildfly\wildfly-batch-jberet\16.0.0.Final\wildfly-batch-jberet-16.0.0.Final.jar;C:\Users\Bort\.m2\repository\org\wildfly\wildfly-bean-validation\16.0.0.Final\wildfly-bean-validation-16.0.0.Final.jar;C:\Users\Bort\.m2\repository\org\wildfly\wildfly-connector\16.0.0.Final\wildfly-connector-16.0.0.Final.jar;C:\Users\Bort\.m2\repository\org\wildfly\wildfly-datasources-agroal\16.0.0.Final\wildfly-datasources-agroal-16.0.0.Final.jar;C:\Users\Bort\.m2\repository\org\wildfly\discovery\wildfly-discovery-client\1.1.1.Final\wildfly-discovery-client-1.1.1.Final.jar;C:\Users\Bort\.m2\repository\org\wildfly\wildfly-ee-security\16.0.0.Final\wildfly-ee-security-16.0.0.Final.jar;C:\Users\Bort\.m2\repository\org\wildfly\wildfly-ejb3\16.0.0.Final\wildfly-ejb3-16.0.0.Final.jar;C:\Users\Bort\.m2\repository\org\wildfly\wildfly-jaxr\16.0.0.Final\wildfly-jaxr-16.0.0.Final.jar;C:\Users\Bort\.m2\repository\org\wildfly\wildfly-jaxrs\16.0.0.Final\wildfly-jaxrs-16.0.0.Final.jar;C:\Users\Bort\.m2\repository\org\wildfly\wildfly-jdr\16.0.0.Final\wildfly-jdr-16.0.0.Final.jar;C:\Users\Bort\.m2\repository\org\wildfly\wildfly-jsf\16.0.0.Final\wildfly-jsf-16.0.0.Final.jar;C:\Users\Bort\.m2\repository\org\wildfly\wildfly-jsf-injection\16.0.0.Final\wildfly-jsf-injection-16.0.0.Final.jar;C:\Users\Bort\.m2\repository\org\wildfly\wildfly-jsr77\16.0.0.Final\wildfly-jsr77-16.0.0.Final.jar;C:\Users\Bort\.m2\repository\org\wildfly\wildfly-iiop-openjdk\16.0.0.Final\wildfly-iiop-openjdk-16.0.0.Final.jar;C:\Users\Bort\.m2\repository\org\wildfly\wildfly-jacorb\16.0.0.Final\wildfly-jacorb-16.0.0.Final.jar;C:\Users\Bort\.m2\repository\org\wildfly\wildfly-mail\16.0.0.Final\wildfly-mail-16.0.0.Final.jar;C:\Users\Bort\.m2\repository\org\wildfly\wildfly-messaging\16.0.0.Final\wildfly-messaging-16.0.0.Final.jar;C:\Users\Bort\.m2\repository\org\wildfly\wildfly-messaging-activemq\16.0.0.Final\wildfly-messaging-activemq-16.0.0.Final.jar;C:\Users\Bort\.m2\repository\io\smallrye\smallrye-config\1.3.4\smallrye-config-1.3.4.jar;C:\Users\Bort\.m2\repository\org\wildfly\wildfly-microprofile-config-smallrye\16.0.0.Final\wildfly-microprofile-config-smallrye-16.0.0.Final.jar;C:\Users\Bort\.m2\repository\org\eclipse\microprofile\config\microprofile-config-api\1.3\microprofile-config-api-1.3.jar;C:\Users\Bort\.m2\repository\io\prometheus\simpleclient\0.6.0\simpleclient-0.6.0.jar;C:\Users\Bort\.m2\repository\io\prometheus\simpleclient_common\0.6.0\simpleclient_common-0.6.0.jar;C:\Users\Bort\.m2\repository\io\smallrye\smallrye-health\1.0.2\smallrye-health-1.0.2.jar;C:\Users\Bort\.m2\repository\org\wildfly\wildfly-microprofile-health-smallrye\16.0.0.Final\wildfly-microprofile-health-smallrye-16.0.0.Final.jar;C:\Users\Bort\.m2\repository\org\eclipse\microprofile\health\microprofile-health-api\1.0\microprofile-health-api-1.0.jar;C:\Users\Bort\.m2\repository\io\smallrye\smallrye-metrics\1.1.3\smallrye-metrics-1.1.3.jar;C:\Users\Bort\.m2\repository\org\wildfly\wildfly-microprofile-metrics-smallrye\16.0.0.Final\wildfly-microprofile-metrics-smallrye-16.0.0.Final.jar;C:\Users\Bort\.m2\repository\org\eclipse\microprofile\metrics\microprofile-metrics-api\1.1\microprofile-metrics-api-1.1.jar;C:\Users\Bort\.m2\repository\org\wildfly\wildfly-mod_cluster-extension\16.0.0.Final\wildfly-mod_cluster-extension-16.0.0.Final.jar;C:\Users\Bort\.m2\repository\io\smallrye\smallrye-opentracing\1.1.1\smallrye-opentracing-1.1.1.jar;C:\Users\Bort\.m2\repository\org\wildfly\wildfly-microprofile-opentracing-extension\16.0.0.Final\wildfly-microprofile-opentracing-extension-16.0.0.Final.jar;C:\Users\Bort\.m2\repository\org\wildfly\wildfly-microprofile-opentracing-smallrye\16.0.0.Final\wildfly-microprofile-opentracing-smallrye-16.0.0.Final.jar;C:\Users\Bort\.m2\repository\org\eclipse\microprofile\opentracing\microprofile-opentracing-api\1.1\microprofile-opentracing-api-1.1.jar;C:\Users\Bort\.m2\repository\io\opentracing\opentracing-api\0.31.0\opentracing-api-0.31.0.jar;C:\Users\Bort\.m2\repository\io\opentracing\opentracing-noop\0.31.0\opentracing-noop-0.31.0.jar;C:\Users\Bort\.m2\repository\io\opentracing\opentracing-util\0.31.0\opentracing-util-0.31.0.jar;C:\Users\Bort\.m2\repository\io\opentracing\contrib\opentracing-tracerresolver\0.1.5\opentracing-tracerresolver-0.1.5.jar;C:\Users\Bort\.m2\repository\io\opentracing\contrib\opentracing-web-servlet-filter\0.1.0\opentracing-web-servlet-filter-0.1.0.jar;C:\Users\Bort\.m2\repository\io\opentracing\contrib\opentracing-jaxrs2\0.1.7\opentracing-jaxrs2-0.1.7.jar;C:\Users\Bort\.m2\repository\io\opentracing\contrib\opentracing-concurrent\0.1.0\opentracing-concurrent-0.1.0.jar;C:\Users\Bort\.m2\repository\io\jaegertracing\jaeger-core\0.30.6\jaeger-core-0.30.6.jar;C:\Users\Bort\.m2\repository\io\jaegertracing\jaeger-thrift\0.30.6\jaeger-thrift-0.30.6.jar;C:\Users\Bort\.m2\repository\org\wildfly\wildfly-mod_cluster-undertow\16.0.0.Final\wildfly-mod_cluster-undertow-16.0.0.Final.jar;C:\Users\Bort\.m2\repository\org\wildfly\wildfly-naming-client\1.0.9.Final\wildfly-naming-client-1.0.9.Final.jar;C:\Users\Bort\.m2\repository\org\wildfly\wildfly-pojo\16.0.0.Final\wildfly-pojo-16.0.0.Final.jar;C:\Users\Bort\.m2\repository\org\wildfly\wildfly-sar\16.0.0.Final\wildfly-sar-16.0.0.Final.jar;C:\Users\Bort\.m2\repository\org\wildfly\wildfly-transactions\16.0.0.Final\wildfly-transactions-16.0.0.Final.jar;C:\Users\Bort\.m2\repository\org\wildfly\transaction\wildfly-transaction-client\1.1.3.Final\wildfly-transaction-client-1.1.3.Final.jar;C:\Users\Bort\.m2\repository\org\wildfly\wildfly-web\16.0.0.Final\wildfly-web-16.0.0.Final.jar;C:\Users\Bort\.m2\repository\org\wildfly\wildfly-weld\16.0.0.Final\wildfly-weld-16.0.0.Final.jar;C:\Users\Bort\.m2\repository\org\wildfly\wildfly-weld-spi\16.0.0.Final\wildfly-weld-spi-16.0.0.Final.jar;C:\Users\Bort\.m2\repository\org\wildfly\wildfly-weld-common\16.0.0.Final\wildfly-weld-common-16.0.0.Final.jar;C:\Users\Bort\.m2\repository\org\wildfly\wildfly-weld-ejb\16.0.0.Final\wildfly-weld-ejb-16.0.0.Final.jar;C:\Users\Bort\.m2\repository\org\wildfly\wildfly-weld-jpa\16.0.0.Final\wildfly-weld-jpa-16.0.0.Final.jar;C:\Users\Bort\.m2\repository\org\wildfly\wildfly-weld-bean-validation\16.0.0.Final\wildfly-weld-bean-validation-16.0.0.Final.jar;C:\Users\Bort\.m2\repository\org\wildfly\wildfly-weld-webservices\16.0.0.Final\wildfly-weld-webservices-16.0.0.Final.jar;C:\Users\Bort\.m2\repository\org\wildfly\wildfly-weld-transactions\16.0.0.Final\wildfly-weld-transactions-16.0.0.Final.jar;C:\Users\Bort\.m2\repository\org\wildfly\wildfly-webservices-server-integration\16.0.0.Final\wildfly-webservices-server-integration-16.0.0.Final.jar;C:\Users\Bort\.m2\repository\org\wildfly\wildfly-xts\16.0.0.Final\wildfly-xts-16.0.0.Final.jar;C:\Users\Bort\.m2\repository\org\jboss\ws\cxf\jbossws-cxf-transports-undertow\5.2.4.Final\jbossws-cxf-transports-undertow-5.2.4.Final.jar;C:\Users\Bort\.m2\repository\org\jboss\ws\projects\jaxws-undertow-httpspi\1.0.1.Final\jaxws-undertow-httpspi-1.0.1.Final.jar;C:\Users\Bort\.m2\repository\org\picketlink\picketlink-idm-simple-schema\2.5.5.SP12\picketlink-idm-simple-schema-2.5.5.SP12.jar;C:\Users\Bort\.m2\repository\org\picketlink\distribution\picketlink-wildfly8\2.5.5.SP12\picketlink-wildfly8-2.5.5.SP12.jar;C:\Users\Bort\.m2\repository\org\apache\taglibs\taglibs-standard-spec\1.2.6-RC1\taglibs-standard-spec-1.2.6-RC1.jar;C:\Users\Bort\.m2\repository\org\apache\taglibs\taglibs-standard-impl\1.2.6-RC1\taglibs-standard-impl-1.2.6-RC1.jar;C:\Users\Bort\.m2\repository\org\apache\taglibs\taglibs-standard-compat\1.2.6-RC1\taglibs-standard-compat-1.2.6-RC1.jar;C:\Users\Bort\.m2\repository\javax\enterprise\cdi-api\2.0.SP1\cdi-api-2.0.SP1.jar;C:\Users\Bort\.m2\repository\javax\el\javax.el-api\3.0.0\javax.el-api-3.0.0.jar;C:\Users\Bort\.m2\repository\javax\interceptor\javax.interceptor-api\1.2\javax.interceptor-api-1.2.jar;C:\Users\Bort\.m2\repository\javax\inject\javax.inject\1\javax.inject-1.jar;C:\Users\Bort\.m2\repository\org\modelmapper\modelmapper\2.3.2\modelmapper-2.3.2.jar;C:\Users\Bort\.m2\repository\org\jboss\spec\javax\annotation\jboss-annotations-api_1.2_spec\1.0.2.Final\jboss-annotations-api_1.2_spec-1.0.2.Final.jar;C:\Users\Bort\.m2\repository\org\projectlombok\lombok\1.18.6\lombok-1.18.6.jar;C:\Users\Bort\.m2\repository\org\mockito\mockito-all\1.10.19\mockito-all-1.10.19.jar;C:\Users\Bort\.m2\repository\org\junit\jupiter\junit-jupiter\5.4.0\junit-jupiter-5.4.0.jar;C:\Users\Bort\.m2\repository\org\junit\jupiter\junit-jupiter-api\5.4.0\junit-jupiter-api-5.4.0.jar;C:\Users\Bort\.m2\repository\org\apiguardian\apiguardian-api\1.0.0\apiguardian-api-1.0.0.jar;C:\Users\Bort\.m2\repository\org\opentest4j\opentest4j\1.1.1\opentest4j-1.1.1.jar;C:\Users\Bort\.m2\repository\org\junit\platform\junit-platform-commons\1.4.0\junit-platform-commons-1.4.0.jar;C:\Users\Bort\.m2\repository\org\junit\jupiter\junit-jupiter-params\5.4.0\junit-jupiter-params-5.4.0.jar;C:\Users\Bort\.m2\repository\org\junit\jupiter\junit-jupiter-engine\5.4.0\junit-jupiter-engine-5.4.0.jar;C:\Users\Bort\.m2\repository\org\junit\platform\junit-platform-engine\1.4.0\junit-platform-engine-1.4.0.jar;C:\Users\Bort\.m2\repository\mysql\mysql-connector-java\8.0.15\mysql-connector-java-8.0.15.jar;C:\Users\Bort\.m2\repository\com\google\protobuf\protobuf-java\3.6.1\protobuf-java-3.6.1.jar;C:\Users\Bort\.m2\repository\javax\xml\bind\jaxb-api\2.3.1\jaxb-api-2.3.1.jar;C:\Users\Bort\.m2\repository\javax\activation\javax.activation-api\1.2.0\javax.activation-api-1.2.0.jar;C:\Users\Bort\.m2\repository\com\sun\xml\bind\jaxb-impl\2.2.11\jaxb-impl-2.2.11.jar;C:\Users\Bort\.m2\repository\com\google\code\gson\gson\2.8.5\gson-2.8.5.jar;C:\Users\Bort\.m2\repository\org\springframework\security\spring-security-crypto\3.1.0.RELEASE\spring-security-crypto-3.1.0.RELEASE.jar;C:\Users\Bort\.m2\repository\org\springframework\spring-core\3.0.6.RELEASE\spring-core-3.0.6.RELEASE.jar;C:\Users\Bort\.m2\repository\org\springframework\spring-asm\3.0.6.RELEASE\spring-asm-3.0.6.RELEASE.jar;C:\Users\Bort\.m2\repository\io\jsonwebtoken\jjwt-api\0.10.5\jjwt-api-0.10.5.jar;C:\Users\Bort\.m2\repository\io\jsonwebtoken\jjwt-impl\0.10.5\jjwt-impl-0.10.5.jar;C:\Users\Bort\.m2\repository\io\jsonwebtoken\jjwt-jackson\0.10.5\jjwt-jackson-0.10.5.jar;C:\Users\Bort\.m2\repository\javax\websocket\javax.websocket-api\1.1\javax.websocket-api-1.1.jar;"/>
    <property name="sun.cpu.endian" value="little"/>
    <property name="user.home" value="C:\Users\Bort"/>
    <property name="user.language" value="en"/>
    <property name="java.specification.vendor" value="Oracle Corporation"/>
    <property name="java.version.date" value="2019-01-15"/>
    <property name="java.home" value="C:\Program Files\Java\jdk-11.0.2"/>
    <property name="file.separator" value="\"/>
    <property name="basedir" value="D:\Programming\Uni\Twetter\Backend"/>
    <property name="java.vm.compressedOopsMode" value="Zero based"/>
    <property name="line.separator" value="&#10;"/>
    <property name="java.specification.name" value="Java Platform API Specification"/>
    <property name="java.vm.specification.vendor" value="Oracle Corporation"/>
    <property name="java.awt.graphicsenv" value="sun.awt.Win32GraphicsEnvironment"/>
    <property name="surefire.real.class.path" value="C:\Users\Bort\AppData\Local\Temp\surefire2483446805550781246\surefirebooter13928264735508741928.jar"/>
    <property name="user.script" value=""/>
    <property name="sun.management.compiler" value="HotSpot 64-Bit Tiered Compilers"/>
    <property name="java.runtime.version" value="11.0.2+9-LTS"/>
    <property name="user.name" value="Bort"/>
    <property name="path.separator" value=";"/>
    <property name="os.version" value="10.0"/>
    <property name="java.runtime.name" value="Java(TM) SE Runtime Environment"/>
    <property name="file.encoding" value="Cp1252"/>
    <property name="java.vm.name" value="Java HotSpot(TM) 64-Bit Server VM"/>
    <property name="java.vendor.version" value="18.9"/>
    <property name="localRepository" value="C:\Users\Bort\.m2\repository"/>
    <property name="java.vendor.url.bug" value="http://bugreport.java.com/bugreport/"/>
    <property name="java.io.tmpdir" value="C:\Users\Bort\AppData\Local\Temp\"/>
    <property name="java.version" value="11.0.2"/>
    <property name="user.dir" value="D:\Programming\Uni\Twetter\Backend"/>
    <property name="os.arch" value="amd64"/>
    <property name="java.vm.specification.name" value="Java Virtual Machine Specification"/>
    <property name="java.awt.printerjob" value="sun.awt.windows.WPrinterJob"/>
    <property name="sun.os.patch.level" value=""/>
    <property name="java.library.path" value="C:\Program Files\Java\jdk-11.0.2\bin;C:\WINDOWS\Sun\Java\bin;C:\WINDOWS\system32;C:\WINDOWS;C:\Program Files\Oculus\Support\oculus-runtime;C:\Program Files (x86)\Common Files\Oracle\Java\javapath;C:\Program Files\Microsoft MPI\Bin\;C:\Program Files (x86)\Razer Chroma SDK\bin;C:\Program Files\Razer Chroma SDK\bin;C:\ProgramData\Oracle\Java\javapath;C:\Windows\system32;C:\Windows;C:\Windows\System32\Wbem;C:\Windows\System32\WindowsPowerShell\v1.0\;C:\Users\Bort\AppData\Local\Microsoft\WindowsApps;C:\Program Files\Microsoft VS Code\bin;C:\Program Files\Microsoft SQL Server\130\Tools\Binn\;C:\Program Files\dotnet\;C:\Program Files (x86)\Microsoft SQL Server\130\Tools\Binn\;C:\Program Files (x86)\Microsoft SQL Server\130\DTS\Binn\;C:\Program Files\Microsoft SQL Server\130\DTS\Binn\;C:\Program Files\Microsoft SQL Server\Client SDK\ODBC\130\Tools\Binn\;C:\Program Files (x86)\Microsoft SQL Server\Client SDK\ODBC\130\Tools\Binn\;C:\Program Files (x86)\Microsoft SQL Server\140\Tools\Binn\;C:\Program Files (x86)\Microsoft SQL Server\140\DTS\Binn\;C:\Program Files (x86)\Microsoft SQL Server\140\Tools\Binn\ManagementStudio\;C:\WINDOWS\system32;C:\WINDOWS;C:\WINDOWS\System32\Wbem;C:\WINDOWS\System32\WindowsPowerShell\v1.0\;C:\Program Files (x86)\NVIDIA Corporation\PhysX\Common;C:\Program Files\PuTTY\;C:\Program Files\Microsoft SQL Server Migration Assistant for MySQL\bin\;C:\Program Files (x86)\GtkSharp\2.12\bin;C:\WINDOWS\System32\OpenSSH\;C:\Program Files\nodejs\;C:\Program Files\Git\cmd;C:\Program Files\NVIDIA Corporation\NVIDIA NvDLISR;C:\Program Files\Calibre2\;C:\WINDOWS\system32;C:\WINDOWS;C:\WINDOWS\System32\Wbem;C:\WINDOWS\System32\WindowsPowerShell\v1.0\;C:\WINDOWS\System32\OpenSSH\;D:\Programming\Tools\apache-maven-3.6.0\bin;C:\Program Files\Java\jdk-11.0.2\bin;C:\Program Files\Microsoft SQL Server\Client SDK\ODBC\170\Tools\Binn\;C:\Users\Bort\AppData\Local\Programs\Python\Python37-32\Scripts\;C:\Users\Bort\AppData\Local\Programs\Python\Python37-32\;C:\Users\Bort\AppData\Local\Microsoft\WindowsApps;C:\Program Files\Microsoft VS Code\bin;C:\Users\Bort\.dotnet\tools;C:\Users\Bort\AppData\Roaming\npm;C:\Users\Bort\AppData\Local\GitHubDesktop\bin;C:\Hugo\bin;D:\Programming\Tools\SonarQube\MS Scanner;C:\Program Files (x86)\Microsoft Visual Studio\2017\BuildTools\MSBuild\15.0\Bin;;%USERPROFILE%\AppData\Local\Microsoft\WindowsApps;C:\Users\Bort\AppData\Local\hyper\app-2.1.2\resources\bin;."/>
    <property name="java.vendor" value="Oracle Corporation"/>
    <property name="java.vm.info" value="mixed mode"/>
    <property name="java.vm.version" value="11.0.2+9-LTS"/>
    <property name="sun.io.unicode.encoding" value="UnicodeLittle"/>
    <property name="java.class.version" value="55.0"/>
  </properties>
  <testcase name="getTwitsTest" classname="resources.TwitResourceTest" time="0.001"/>
</testsuite>